[ 2012-11-17T17:45:00+08:00 ] ERR: (ThinkException) Access denied for user 'root'@'localhost' (using password: YES)
[ 2012-11-17T17:45:11+08:00 ] ERR: (ThinkException) 无法加载模块:Public
[ 2012-11-17T17:45:11+08:00 ] ERR: (ThinkException) 无法加载模块:Public
[ 2012-11-17T20:39:38+08:00 ] ERR: (ThinkException) 无法加载模块:content
[ 2012-11-17T20:39:38+08:00 ] ERR: (ThinkException) 无法加载模块:content
[ 2012-11-17T20:39:38+08:00 ] ERR: (ThinkException) 无法加载模块:content
[ 2012-11-17T20:39:38+08:00 ] ERR: (ThinkException) 无法加载模块:content
[ 2012-11-17T20:39:38+08:00 ] ERR: (ThinkException) 无法加载模块:content
[ 2012-11-17T20:39:38+08:00 ] ERR: (ThinkException) 无法加载模块:scripts
[ 2012-11-17T20:39:38+08:00 ] ERR: (ThinkException) 无法加载模块:scripts
[ 2012-11-17T20:39:38+08:00 ] ERR: (ThinkException) 无法加载模块:content
[ 2012-11-17T20:39:38+08:00 ] ERR: (ThinkException) 无法加载模块:scripts
[ 2012-11-17T20:39:38+08:00 ] ERR: (ThinkException) 无法加载模块:scripts
[ 2012-11-17T20:39:38+08:00 ] ERR: (ThinkException) 无法加载模块:content
[ 2012-11-17T20:39:38+08:00 ] ERR: (ThinkException) 无法加载模块:scripts
[ 2012-11-17T20:39:38+08:00 ] ERR: (ThinkException) 无法加载模块:scripts
[ 2012-11-17T20:39:38+08:00 ] ERR: (ThinkException) 无法加载模块:scripts
[ 2012-11-17T20:39:38+08:00 ] ERR: (ThinkException) 无法加载模块:scripts
[ 2012-11-17T20:39:38+08:00 ] ERR: (ThinkException) 无法加载模块:scripts
[ 2012-11-17T20:39:38+08:00 ] ERR: (ThinkException) 无法加载模块:content
[ 2012-11-17T20:39:38+08:00 ] ERR: (ThinkException) 无法加载模块:scripts
[ 2012-11-17T20:39:38+08:00 ] ERR: (ThinkException) 无法加载模块:content
[ 2012-11-17T20:39:38+08:00 ] ERR: (ThinkException) 无法加载模块:content
[ 2012-11-17T20:39:38+08:00 ] ERR: (ThinkException) 无法加载模块:content
[ 2012-11-17T20:39:38+08:00 ] ERR: (ThinkException) 无法加载模块:content
[ 2012-11-17T20:39:38+08:00 ] ERR: (ThinkException) 无法加载模块:content
[ 2012-11-17T20:39:38+08:00 ] ERR: (ThinkException) 无法加载模块:content
[ 2012-11-17T20:39:38+08:00 ] ERR: (ThinkException) 无法加载模块:content
[ 2012-11-17T20:39:38+08:00 ] ERR: (ThinkException) 无法加载模块:content
[ 2012-11-17T20:39:38+08:00 ] ERR: (ThinkException) 无法加载模块:content
[ 2012-11-17T20:39:38+08:00 ] ERR: (ThinkException) 无法加载模块:content
[ 2012-11-17T20:39:38+08:00 ] ERR: (ThinkException) 无法加载模块:content
[ 2012-11-17T20:39:38+08:00 ] ERR: (ThinkException) 无法加载模块:content
[ 2012-11-17T20:39:39+08:00 ] ERR: (ThinkException) 无法加载模块:content
[ 2012-11-17T20:47:10+08:00 ] ERR: (ThinkException) 无法加载模块:scripts
[ 2012-11-17T20:47:10+08:00 ] ERR: (ThinkException) 无法加载模块:scripts
[ 2012-11-17T20:47:10+08:00 ] ERR: (ThinkException) 无法加载模块:scripts
[ 2012-11-17T20:47:10+08:00 ] ERR: (ThinkException) 无法加载模块:scripts
[ 2012-11-17T20:47:11+08:00 ] ERR: (ThinkException) 无法加载模块:scripts
[ 2012-11-17T20:47:11+08:00 ] ERR: (ThinkException) 无法加载模块:scripts
[ 2012-11-17T20:47:11+08:00 ] ERR: (ThinkException) 无法加载模块:content
[ 2012-11-17T20:47:11+08:00 ] ERR: (ThinkException) 无法加载模块:scripts
[ 2012-11-17T20:47:11+08:00 ] ERR: (ThinkException) 无法加载模块:scripts
[ 2012-11-17T20:47:11+08:00 ] ERR: (ThinkException) 无法加载模块:content
[ 2012-11-17T20:47:11+08:00 ] ERR: (ThinkException) 无法加载模块:content
[ 2012-11-17T20:47:11+08:00 ] ERR: (ThinkException) 无法加载模块:content
[ 2012-11-17T20:47:11+08:00 ] ERR: (ThinkException) 无法加载模块:content
[ 2012-11-17T20:47:11+08:00 ] ERR: (ThinkException) 无法加载模块:content
[ 2012-11-17T20:47:11+08:00 ] ERR: (ThinkException) 无法加载模块:Public
[ 2012-11-17T20:47:11+08:00 ] ERR: (ThinkException) 无法加载模块:scripts
[ 2012-11-17T20:47:11+08:00 ] ERR: (ThinkException) 无法加载模块:content
[ 2012-11-17T20:47:11+08:00 ] ERR: (ThinkException) 无法加载模块:content
[ 2012-11-17T20:47:11+08:00 ] ERR: (ThinkException) 无法加载模块:content
[ 2012-11-17T20:47:11+08:00 ] ERR: (ThinkException) 无法加载模块:content
[ 2012-11-17T20:47:11+08:00 ] ERR: (ThinkException) 无法加载模块:content
[ 2012-11-17T20:47:11+08:00 ] ERR: (ThinkException) 无法加载模块:content
[ 2012-11-17T20:47:12+08:00 ] ERR: (ThinkException) 无法加载模块:content
[ 2012-11-17T20:47:45+08:00 ] ERR: (ThinkException) 无法加载模块:Public
[ 2012-11-17T20:47:45+08:00 ] ERR: (ThinkException) 无法加载模块:scripts
[ 2012-11-17T20:47:45+08:00 ] ERR: (ThinkException) 无法加载模块:scripts
[ 2012-11-17T20:47:45+08:00 ] ERR: (ThinkException) 无法加载模块:scripts
[ 2012-11-17T20:47:45+08:00 ] ERR: (ThinkException) 无法加载模块:scripts
[ 2012-11-17T20:47:45+08:00 ] ERR: (ThinkException) 无法加载模块:scripts
[ 2012-11-17T20:47:45+08:00 ] ERR: (ThinkException) 无法加载模块:scripts
[ 2012-11-17T20:47:45+08:00 ] ERR: (ThinkException) 无法加载模块:scripts
[ 2012-11-17T20:47:45+08:00 ] ERR: (ThinkException) 无法加载模块:scripts
[ 2012-11-17T20:47:45+08:00 ] ERR: (ThinkException) 无法加载模块:content
[ 2012-11-17T20:47:45+08:00 ] ERR: (ThinkException) 无法加载模块:content
[ 2012-11-17T20:47:45+08:00 ] ERR: (ThinkException) 无法加载模块:content
[ 2012-11-17T20:47:45+08:00 ] ERR: (ThinkException) 无法加载模块:content
[ 2012-11-17T20:47:45+08:00 ] ERR: (ThinkException) 无法加载模块:scripts
[ 2012-11-17T20:47:45+08:00 ] ERR: (ThinkException) 无法加载模块:content
[ 2012-11-17T20:47:45+08:00 ] ERR: (ThinkException) 无法加载模块:content
[ 2012-11-17T20:47:46+08:00 ] ERR: (ThinkException) 无法加载模块:content
[ 2012-11-17T20:47:51+08:00 ] ERR: (ThinkException) 无法加载模块:Public
[ 2012-11-17T20:47:51+08:00 ] ERR: (ThinkException) 无法加载模块:scripts
[ 2012-11-17T20:47:51+08:00 ] ERR: (ThinkException) 无法加载模块:scripts
[ 2012-11-17T20:47:51+08:00 ] ERR: (ThinkException) 无法加载模块:scripts
[ 2012-11-17T20:47:51+08:00 ] ERR: (ThinkException) 无法加载模块:scripts
[ 2012-11-17T20:47:51+08:00 ] ERR: (ThinkException) 无法加载模块:content
[ 2012-11-17T20:47:51+08:00 ] ERR: (ThinkException) 无法加载模块:scripts
[ 2012-11-17T20:47:51+08:00 ] ERR: (ThinkException) 无法加载模块:scripts
[ 2012-11-17T20:47:51+08:00 ] ERR: (ThinkException) 无法加载模块:scripts
[ 2012-11-17T20:47:51+08:00 ] ERR: (ThinkException) 无法加载模块:content
[ 2012-11-17T20:47:51+08:00 ] ERR: (ThinkException) 无法加载模块:content
[ 2012-11-17T20:47:51+08:00 ] ERR: (ThinkException) 无法加载模块:content
[ 2012-11-17T20:47:51+08:00 ] ERR: (ThinkException) 无法加载模块:content
[ 2012-11-17T20:47:51+08:00 ] ERR: (ThinkException) 无法加载模块:content
[ 2012-11-17T20:47:51+08:00 ] ERR: (ThinkException) 无法加载模块:scripts
[ 2012-11-17T20:47:51+08:00 ] ERR: (ThinkException) 无法加载模块:scripts
[ 2012-11-17T20:47:52+08:00 ] ERR: (ThinkException) 无法加载模块:content
[ 2012-11-17T20:47:56+08:00 ] ERR: (ThinkException) 无法加载模块:content
[ 2012-11-17T20:52:47+08:00 ] ERR: (ThinkException) 无法加载模块:scripts
[ 2012-11-17T20:52:47+08:00 ] ERR: (ThinkException) 无法加载模块:Public
[ 2012-11-17T20:52:47+08:00 ] ERR: (ThinkException) 无法加载模块:content
[ 2012-11-17T20:52:47+08:00 ] ERR: (ThinkException) 无法加载模块:content
[ 2012-11-17T20:52:47+08:00 ] ERR: (ThinkException) 无法加载模块:content
[ 2012-11-17T20:52:47+08:00 ] ERR: (ThinkException) 无法加载模块:content
[ 2012-11-17T20:52:47+08:00 ] ERR: (ThinkException) 无法加载模块:content
[ 2012-11-17T20:52:47+08:00 ] ERR: (ThinkException) 无法加载模块:content
[ 2012-11-17T20:52:47+08:00 ] ERR: (ThinkException) 无法加载模块:content
[ 2012-11-17T20:52:47+08:00 ] ERR: (ThinkException) 无法加载模块:content
[ 2012-11-17T20:52:47+08:00 ] ERR: (ThinkException) 无法加载模块:content
[ 2012-11-17T20:52:47+08:00 ] ERR: (ThinkException) 无法加载模块:content
[ 2012-11-17T20:52:47+08:00 ] ERR: (ThinkException) 无法加载模块:content
[ 2012-11-17T20:52:47+08:00 ] ERR: (ThinkException) 无法加载模块:content
[ 2012-11-17T20:52:48+08:00 ] ERR: (ThinkException) 无法加载模块:content
[ 2012-11-17T20:52:55+08:00 ] ERR: (ThinkException) 无法加载模块:content
[ 2012-11-17T20:54:13+08:00 ] ERR: (ThinkException) 无法加载模块:content
[ 2012-11-17T20:57:14+08:00 ] ERR: (ThinkException) 无法加载模块:Public
[ 2012-11-17T20:57:14+08:00 ] ERR: (ThinkException) 无法加载模块:scripts
[ 2012-11-17T20:57:14+08:00 ] ERR: (ThinkException) 无法加载模块:content
[ 2012-11-17T20:57:14+08:00 ] ERR: (ThinkException) 无法加载模块:content
[ 2012-11-17T20:57:14+08:00 ] ERR: (ThinkException) 无法加载模块:content
[ 2012-11-17T20:57:14+08:00 ] ERR: (ThinkException) 无法加载模块:content
[ 2012-11-17T20:57:14+08:00 ] ERR: (ThinkException) 无法加载模块:content
[ 2012-11-17T20:57:14+08:00 ] ERR: (ThinkException) 无法加载模块:content
[ 2012-11-17T20:57:15+08:00 ] ERR: (ThinkException) 无法加载模块:content
[ 2012-11-17T20:57:15+08:00 ] ERR: (ThinkException) 无法加载模块:content
[ 2012-11-17T20:57:21+08:00 ] ERR: (ThinkException) 无法加载模块:content
[ 2012-11-17T20:57:21+08:00 ] ERR: (ThinkException) 无法加载模块:content
[ 2012-11-17T20:57:22+08:00 ] ERR: (ThinkException) 无法加载模块:content
[ 2012-11-17T20:57:22+08:00 ] ERR: (ThinkException) 无法加载模块:content
[ 2012-11-17T20:57:23+08:00 ] ERR: (ThinkException) 无法加载模块:content
[ 2012-11-17T20:57:24+08:00 ] ERR: (ThinkException) 无法加载模块:content
[ 2012-11-17T20:57:53+08:00 ] ERR: (ThinkException) 无法加载模块:scripts
[ 2012-11-17T20:57:53+08:00 ] ERR: (ThinkException) 无法加载模块:content
[ 2012-11-17T20:57:53+08:00 ] ERR: (ThinkException) 无法加载模块:content
[ 2012-11-17T20:57:53+08:00 ] ERR: (ThinkException) 无法加载模块:content
[ 2012-11-17T20:57:53+08:00 ] ERR: (ThinkException) 无法加载模块:content
[ 2012-11-17T20:57:53+08:00 ] ERR: (ThinkException) 无法加载模块:Public
[ 2012-11-17T20:57:53+08:00 ] ERR: (ThinkException) 无法加载模块:content
[ 2012-11-17T20:57:53+08:00 ] ERR: (ThinkException) 无法加载模块:content
[ 2012-11-17T20:57:53+08:00 ] ERR: (ThinkException) 无法加载模块:content
[ 2012-11-17T20:57:53+08:00 ] ERR: (ThinkException) 无法加载模块:content
[ 2012-11-17T20:57:53+08:00 ] ERR: (ThinkException) 无法加载模块:content
[ 2012-11-17T20:57:53+08:00 ] ERR: (ThinkException) 无法加载模块:content
[ 2012-11-17T20:58:00+08:00 ] ERR: (ThinkException) 无法加载模块:Public
[ 2012-11-17T20:58:00+08:00 ] ERR: (ThinkException) 无法加载模块:scripts
[ 2012-11-17T20:58:00+08:00 ] ERR: (ThinkException) 无法加载模块:__PUBLIC
[ 2012-11-17T20:58:01+08:00 ] ERR: (ThinkException) 无法加载模块:content
[ 2012-11-17T20:58:01+08:00 ] ERR: (ThinkException) 无法加载模块:content
[ 2012-11-17T20:58:01+08:00 ] ERR: (ThinkException) 无法加载模块:content
[ 2012-11-17T20:58:01+08:00 ] ERR: (ThinkException) 无法加载模块:content
[ 2012-11-17T20:58:01+08:00 ] ERR: (ThinkException) 无法加载模块:content
[ 2012-11-17T20:58:01+08:00 ] ERR: (ThinkException) 无法加载模块:content
[ 2012-11-17T20:58:02+08:00 ] ERR: (ThinkException) 无法加载模块:Public
[ 2012-11-17T20:58:02+08:00 ] ERR: (ThinkException) 无法加载模块:scripts
[ 2012-11-17T20:58:02+08:00 ] ERR: (ThinkException) 无法加载模块:content
[ 2012-11-17T20:58:02+08:00 ] ERR: (ThinkException) 无法加载模块:__PUBLIC
[ 2012-11-17T20:58:02+08:00 ] ERR: (ThinkException) 无法加载模块:content
[ 2012-11-17T20:58:02+08:00 ] ERR: (ThinkException) 无法加载模块:content
[ 2012-11-17T20:58:02+08:00 ] ERR: (ThinkException) 无法加载模块:content
[ 2012-11-17T20:58:02+08:00 ] ERR: (ThinkException) 无法加载模块:content
[ 2012-11-17T20:58:02+08:00 ] ERR: (ThinkException) 无法加载模块:__PUBLIC
[ 2012-11-17T20:58:02+08:00 ] ERR: (ThinkException) 无法加载模块:content
[ 2012-11-17T20:58:02+08:00 ] ERR: (ThinkException) 无法加载模块:content
[ 2012-11-17T20:58:02+08:00 ] ERR: (ThinkException) 无法加载模块:content
[ 2012-11-17T20:58:11+08:00 ] ERR: (ThinkException) 无法加载模块:Public
[ 2012-11-17T20:58:11+08:00 ] ERR: (ThinkException) 无法加载模块:scripts
[ 2012-11-17T20:58:11+08:00 ] ERR: (ThinkException) 无法加载模块:PUBLIC
[ 2012-11-17T20:58:11+08:00 ] ERR: (ThinkException) 无法加载模块:content
[ 2012-11-17T20:58:11+08:00 ] ERR: (ThinkException) 无法加载模块:content
[ 2012-11-17T20:58:11+08:00 ] ERR: (ThinkException) 无法加载模块:content
[ 2012-11-17T20:58:11+08:00 ] ERR: (ThinkException) 无法加载模块:content
[ 2012-11-17T20:58:11+08:00 ] ERR: (ThinkException) 无法加载模块:content
[ 2012-11-17T20:58:11+08:00 ] ERR: (ThinkException) 无法加载模块:content
[ 2012-11-17T20:58:12+08:00 ] ERR: (ThinkException) 无法加载模块:Public
[ 2012-11-17T20:58:12+08:00 ] ERR: (ThinkException) 无法加载模块:scripts
[ 2012-11-17T20:58:12+08:00 ] ERR: (ThinkException) 无法加载模块:PUBLIC
[ 2012-11-17T20:58:12+08:00 ] ERR: (ThinkException) 无法加载模块:content
[ 2012-11-17T20:58:12+08:00 ] ERR: (ThinkException) 无法加载模块:content
[ 2012-11-17T20:58:12+08:00 ] ERR: (ThinkException) 无法加载模块:content
[ 2012-11-17T20:58:12+08:00 ] ERR: (ThinkException) 无法加载模块:content
[ 2012-11-17T20:58:12+08:00 ] ERR: (ThinkException) 无法加载模块:content
[ 2012-11-17T20:58:12+08:00 ] ERR: (ThinkException) 无法加载模块:PUBLIC
[ 2012-11-17T20:58:12+08:00 ] ERR: (ThinkException) 无法加载模块:content
[ 2012-11-17T20:58:12+08:00 ] ERR: (ThinkException) 无法加载模块:content
[ 2012-11-17T20:58:57+08:00 ] ERR: (ThinkException) 无法加载模块:charms-demo
[ 2012-11-17T20:58:59+08:00 ] ERR: (ThinkException) 无法加载模块:PUBLIC
[ 2012-11-17T20:58:59+08:00 ] ERR: (ThinkException) 无法加载模块:content
[ 2012-11-17T20:58:59+08:00 ] ERR: (ThinkException) 无法加载模块:content
[ 2012-11-17T20:58:59+08:00 ] ERR: (ThinkException) 无法加载模块:content
[ 2012-11-17T20:58:59+08:00 ] ERR: (ThinkException) 无法加载模块:content
[ 2012-11-17T20:58:59+08:00 ] ERR: (ThinkException) 无法加载模块:content
[ 2012-11-17T20:59:10+08:00 ] ERR: (ThinkException) 无法加载模块:Public
[ 2012-11-17T20:59:10+08:00 ] ERR: (ThinkException) 无法加载模块:scripts
[ 2012-11-17T20:59:10+08:00 ] ERR: (ThinkException) 无法加载模块:content
[ 2012-11-17T20:59:10+08:00 ] ERR: (ThinkException) 无法加载模块:content
[ 2012-11-17T20:59:10+08:00 ] ERR: (ThinkException) 无法加载模块:content
[ 2012-11-17T20:59:10+08:00 ] ERR: (ThinkException) 无法加载模块:content
[ 2012-11-17T20:59:10+08:00 ] ERR: (ThinkException) 无法加载模块:content
[ 2012-11-17T20:59:11+08:00 ] ERR: (ThinkException) 无法加载模块:content
[ 2012-11-17T21:00:51+08:00 ] ERR: (ThinkException) 无法加载模块:Public
[ 2012-11-17T21:00:51+08:00 ] ERR: (ThinkException) 无法加载模块:scripts
[ 2012-11-17T21:02:00+08:00 ] ERR: (ThinkException) 无法加载模块:Public
[ 2012-11-17T21:02:00+08:00 ] ERR: (ThinkException) 无法加载模块:scripts
[ 2012-11-17T21:02:02+08:00 ] ERR: (ThinkException) 无法加载模块:content
[ 2012-11-17T21:02:04+08:00 ] ERR: (ThinkException) 无法加载模块:bootstrap-base-css
[ 2012-11-17T21:11:46+08:00 ] ERR: (ThinkException) 无法加载模块:Public
[ 2012-11-17T21:11:46+08:00 ] ERR: (ThinkException) 无法加载模块:scripts
[ 2012-11-17T21:11:46+08:00 ] ERR: (ThinkException) 无法加载模块:content
[ 2012-11-17T21:11:46+08:00 ] ERR: (ThinkException) 无法加载模块:content
[ 2012-11-17T21:11:46+08:00 ] ERR: (ThinkException) 无法加载模块:content
[ 2012-11-17T21:11:46+08:00 ] ERR: (ThinkException) 无法加载模块:content
[ 2012-11-17T21:11:46+08:00 ] ERR: (ThinkException) 无法加载模块:content
[ 2012-11-17T21:11:47+08:00 ] ERR: (ThinkException) 无法加载模块:content
[ 2012-11-17T21:11:53+08:00 ] ERR: (ThinkException) 无法加载模块:Public
[ 2012-11-17T21:11:53+08:00 ] ERR: (ThinkException) 无法加载模块:scripts
[ 2012-11-17T21:11:53+08:00 ] ERR: (ThinkException) 无法加载模块:content
[ 2012-11-17T21:11:54+08:00 ] ERR: (ThinkException) 无法加载模块:content
[ 2012-11-17T21:11:54+08:00 ] ERR: (ThinkException) 无法加载模块:content
[ 2012-11-17T21:11:54+08:00 ] ERR: (ThinkException) 无法加载模块:content
[ 2012-11-17T21:11:54+08:00 ] ERR: (ThinkException) 无法加载模块:content
[ 2012-11-17T21:11:54+08:00 ] ERR: (ThinkException) 无法加载模块:content
[ 2012-11-17T21:12:02+08:00 ] ERR: (ThinkException) 无法加载模块:bootstrap-base-css
[ 2012-11-17T21:12:04+08:00 ] ERR: (ThinkException) 无法加载模块:content
[ 2012-11-17T21:12:04+08:00 ] ERR: (ThinkException) 无法加载模块:content
[ 2012-11-17T21:12:04+08:00 ] ERR: (ThinkException) 无法加载模块:content
[ 2012-11-17T21:12:04+08:00 ] ERR: (ThinkException) 无法加载模块:content
[ 2012-11-17T21:12:04+08:00 ] ERR: (ThinkException) 无法加载模块:content
[ 2012-11-17T21:16:50+08:00 ] ERR: (ThinkException) 无法加载模块:Public
[ 2012-11-17T21:16:50+08:00 ] ERR: (ThinkException) 无法加载模块:scripts
[ 2012-11-17T21:16:50+08:00 ] ERR: (ThinkException) 无法加载模块:content
[ 2012-11-17T21:16:50+08:00 ] ERR: (ThinkException) 无法加载模块:content
[ 2012-11-17T21:16:50+08:00 ] ERR: (ThinkException) 无法加载模块:content
[ 2012-11-17T21:16:50+08:00 ] ERR: (ThinkException) 无法加载模块:content
[ 2012-11-17T21:16:50+08:00 ] ERR: (ThinkException) 无法加载模块:content
[ 2012-11-17T21:16:51+08:00 ] ERR: (ThinkException) 无法加载模块:content
[ 2012-11-17T21:17:33+08:00 ] ERR: (ThinkException) 无法加载模块:Public
[ 2012-11-17T21:17:33+08:00 ] ERR: (ThinkException) 无法加载模块:scripts
[ 2012-11-17T21:17:33+08:00 ] ERR: (ThinkException) 无法加载模块:content
[ 2012-11-17T21:17:33+08:00 ] ERR: (ThinkException) 无法加载模块:content
[ 2012-11-17T21:17:33+08:00 ] ERR: (ThinkException) 无法加载模块:content
[ 2012-11-17T21:17:33+08:00 ] ERR: (ThinkException) 无法加载模块:content
[ 2012-11-17T21:17:33+08:00 ] ERR: (ThinkException) 无法加载模块:content
[ 2012-11-17T21:17:33+08:00 ] ERR: (ThinkException) 无法加载模块:content
[ 2012-11-17T21:17:33+08:00 ] ERR: (ThinkException) 无法加载模块:content
[ 2012-11-17T21:17:33+08:00 ] ERR: (ThinkException) 无法加载模块:content
[ 2012-11-17T21:17:33+08:00 ] ERR: (ThinkException) 无法加载模块:content
[ 2012-11-17T21:17:34+08:00 ] ERR: (ThinkException) 无法加载模块:content
[ 2012-11-17T21:21:50+08:00 ] ERR: (ThinkException) 无法加载模块:Public
[ 2012-11-17T21:21:50+08:00 ] ERR: (ThinkException) 无法加载模块:scripts
[ 2012-11-17T21:21:50+08:00 ] ERR: (ThinkException) 无法加载模块:content
[ 2012-11-17T21:21:50+08:00 ] ERR: (ThinkException) 无法加载模块:content
[ 2012-11-17T21:21:50+08:00 ] ERR: (ThinkException) 无法加载模块:content
[ 2012-11-17T21:21:50+08:00 ] ERR: (ThinkException) 无法加载模块:content
[ 2012-11-17T21:21:50+08:00 ] ERR: (ThinkException) 无法加载模块:content
[ 2012-11-17T21:21:50+08:00 ] ERR: (ThinkException) 无法加载模块:content
[ 2012-11-17T21:21:50+08:00 ] ERR: (ThinkException) 无法加载模块:content
[ 2012-11-17T21:21:50+08:00 ] ERR: (ThinkException) 无法加载模块:content
[ 2012-11-17T21:21:50+08:00 ] ERR: (ThinkException) 无法加载模块:content
[ 2012-11-17T21:21:50+08:00 ] ERR: (ThinkException) 无法加载模块:content
[ 2012-11-17T21:21:51+08:00 ] ERR: (ThinkException) 无法加载模块:content
[ 2012-11-17T21:21:52+08:00 ] ERR: (ThinkException) 无法加载模块:Public
[ 2012-11-17T21:21:52+08:00 ] ERR: (ThinkException) 无法加载模块:scripts
[ 2012-11-17T21:21:52+08:00 ] ERR: (ThinkException) 无法加载模块:content
[ 2012-11-17T21:21:52+08:00 ] ERR: (ThinkException) 无法加载模块:content
[ 2012-11-17T21:21:52+08:00 ] ERR: (ThinkException) 无法加载模块:content
[ 2012-11-17T21:21:52+08:00 ] ERR: (ThinkException) 无法加载模块:content
[ 2012-11-17T21:21:52+08:00 ] ERR: (ThinkException) 无法加载模块:content
[ 2012-11-17T21:21:52+08:00 ] ERR: (ThinkException) 无法加载模块:content
[ 2012-11-17T21:21:53+08:00 ] ERR: (ThinkException) 无法加载模块:content
[ 2012-11-17T21:21:53+08:00 ] ERR: (ThinkException) 无法加载模块:content
[ 2012-11-17T21:22:24+08:00 ] ERR: (ThinkException) 无法加载模块:scripts
[ 2012-11-17T21:22:24+08:00 ] ERR: (ThinkException) 无法加载模块:Public
[ 2012-11-17T21:22:24+08:00 ] ERR: (ThinkException) 无法加载模块:content
[ 2012-11-17T21:22:24+08:00 ] ERR: (ThinkException) 无法加载模块:content
[ 2012-11-17T21:22:24+08:00 ] ERR: (ThinkException) 无法加载模块:content
[ 2012-11-17T21:22:24+08:00 ] ERR: (ThinkException) 无法加载模块:content
[ 2012-11-17T21:22:24+08:00 ] ERR: (ThinkException) 无法加载模块:content
[ 2012-11-17T21:22:25+08:00 ] ERR: (ThinkException) 无法加载模块:content
[ 2012-11-17T21:22:25+08:00 ] ERR: (ThinkException) 无法加载模块:content
[ 2012-11-17T21:22:25+08:00 ] ERR: (ThinkException) 无法加载模块:content
[ 2012-11-17T21:22:25+08:00 ] ERR: (ThinkException) 无法加载模块:content
[ 2012-11-17T21:22:25+08:00 ] ERR: (ThinkException) 无法加载模块:content
[ 2012-11-17T21:22:25+08:00 ] ERR: (ThinkException) 无法加载模块:content
[ 2012-11-17T21:25:34+08:00 ] ERR: (ThinkException) 无法加载模块:scripts
[ 2012-11-17T21:25:34+08:00 ] ERR: (ThinkException) 无法加载模块:content
[ 2012-11-17T21:25:34+08:00 ] ERR: (ThinkException) 无法加载模块:content
[ 2012-11-17T21:25:34+08:00 ] ERR: (ThinkException) 无法加载模块:content
[ 2012-11-17T21:25:34+08:00 ] ERR: (ThinkException) 无法加载模块:content
[ 2012-11-17T21:25:34+08:00 ] ERR: (ThinkException) 无法加载模块:content
[ 2012-11-17T21:25:34+08:00 ] ERR: (ThinkException) 无法加载模块:Public
[ 2012-11-17T21:25:34+08:00 ] ERR: (ThinkException) 无法加载模块:content
[ 2012-11-17T21:25:34+08:00 ] ERR: (ThinkException) 无法加载模块:content
[ 2012-11-17T21:25:34+08:00 ] ERR: (ThinkException) 无法加载模块:content
[ 2012-11-17T21:25:34+08:00 ] ERR: (ThinkException) 无法加载模块:content
[ 2012-11-17T21:25:34+08:00 ] ERR: (ThinkException) 无法加载模块:content
[ 2012-11-17T21:25:35+08:00 ] ERR: (ThinkException) 无法加载模块:content
[ 2012-11-17T21:25:53+08:00 ] ERR: (ThinkException) 无法加载模块:scripts
[ 2012-11-17T21:25:53+08:00 ] ERR: (ThinkException) 无法加载模块:Public
[ 2012-11-17T21:25:53+08:00 ] ERR: (ThinkException) 无法加载模块:content
[ 2012-11-17T21:25:53+08:00 ] ERR: (ThinkException) 无法加载模块:content
[ 2012-11-17T21:25:53+08:00 ] ERR: (ThinkException) 无法加载模块:content
[ 2012-11-17T21:25:53+08:00 ] ERR: (ThinkException) 无法加载模块:content
[ 2012-11-17T21:25:54+08:00 ] ERR: (ThinkException) 无法加载模块:content
[ 2012-11-17T21:25:55+08:00 ] ERR: (ThinkException) 无法加载模块:content
[ 2012-11-17T21:26:01+08:00 ] ERR: (ThinkException) 无法加载模块:tiles-templates
[ 2012-11-17T21:26:03+08:00 ] ERR: (ThinkException) 无法加载模块:content
[ 2012-11-17T21:26:03+08:00 ] ERR: (ThinkException) 无法加载模块:content
[ 2012-11-17T21:26:03+08:00 ] ERR: (ThinkException) 无法加载模块:content
[ 2012-11-17T21:26:03+08:00 ] ERR: (ThinkException) 无法加载模块:content
[ 2012-11-17T21:26:03+08:00 ] ERR: (ThinkException) 无法加载模块:content
[ 2012-11-17T21:26:04+08:00 ] ERR: (ThinkException) 无法加载模块:content
[ 2012-11-17T21:28:49+08:00 ] ERR: (ThinkException) 无法加载模块:Public
[ 2012-11-17T21:28:49+08:00 ] ERR: (ThinkException) 无法加载模块:content
[ 2012-11-17T21:28:49+08:00 ] ERR: (ThinkException) 无法加载模块:content
[ 2012-11-17T21:28:49+08:00 ] ERR: (ThinkException) 无法加载模块:content
[ 2012-11-17T21:28:49+08:00 ] ERR: (ThinkException) 无法加载模块:content
[ 2012-11-17T21:28:49+08:00 ] ERR: (ThinkException) 无法加载模块:content
[ 2012-11-17T21:28:49+08:00 ] ERR: (ThinkException) 无法加载模块:scripts
[ 2012-11-17T21:28:49+08:00 ] ERR: (ThinkException) 无法加载模块:content
[ 2012-11-17T21:28:49+08:00 ] ERR: (ThinkException) 无法加载模块:content
[ 2012-11-17T21:28:49+08:00 ] ERR: (ThinkException) 无法加载模块:content
[ 2012-11-17T21:28:49+08:00 ] ERR: (ThinkException) 无法加载模块:content
[ 2012-11-17T21:28:49+08:00 ] ERR: (ThinkException) 无法加载模块:content
[ 2012-11-17T21:28:52+08:00 ] ERR: (ThinkException) 无法加载模块:Public
[ 2012-11-17T21:28:52+08:00 ] ERR: (ThinkException) 无法加载模块:scripts
[ 2012-11-17T21:28:52+08:00 ] ERR: (ThinkException) 无法加载模块:content
[ 2012-11-17T21:28:52+08:00 ] ERR: (ThinkException) 无法加载模块:content
[ 2012-11-17T21:28:52+08:00 ] ERR: (ThinkException) 无法加载模块:content
[ 2012-11-17T21:28:52+08:00 ] ERR: (ThinkException) 无法加载模块:content
[ 2012-11-17T21:28:52+08:00 ] ERR: (ThinkException) 无法加载模块:content
[ 2012-11-17T21:28:52+08:00 ] ERR: (ThinkException) 无法加载模块:content
[ 2012-11-17T21:28:52+08:00 ] ERR: (ThinkException) 无法加载模块:content
[ 2012-11-17T21:28:53+08:00 ] ERR: (ThinkException) 无法加载模块:content
[ 2012-11-17T21:29:21+08:00 ] ERR: (ThinkException) 无法加载模块:tiles-templates
[ 2012-11-17T21:29:24+08:00 ] ERR: (ThinkException) 无法加载模块:content
[ 2012-11-17T21:29:24+08:00 ] ERR: (ThinkException) 无法加载模块:content
[ 2012-11-17T21:29:24+08:00 ] ERR: (ThinkException) 无法加载模块:content
[ 2012-11-17T21:29:24+08:00 ] ERR: (ThinkException) 无法加载模块:content
[ 2012-11-17T21:29:24+08:00 ] ERR: (ThinkException) 无法加载模块:content
[ 2012-11-17T21:32:55+08:00 ] ERR: (ThinkException) 无法加载模块:scripts
[ 2012-11-17T21:32:55+08:00 ] ERR: (ThinkException) 无法加载模块:content
[ 2012-11-17T21:32:55+08:00 ] ERR: (ThinkException) 无法加载模块:content
[ 2012-11-17T21:32:55+08:00 ] ERR: (ThinkException) 无法加载模块:content
[ 2012-11-17T21:32:55+08:00 ] ERR: (ThinkException) 无法加载模块:content
[ 2012-11-17T21:32:55+08:00 ] ERR: (ThinkException) 无法加载模块:Public
[ 2012-11-17T21:32:55+08:00 ] ERR: (ThinkException) 无法加载模块:content
[ 2012-11-17T21:32:55+08:00 ] ERR: (ThinkException) 无法加载模块:content
[ 2012-11-17T21:32:55+08:00 ] ERR: (ThinkException) 无法加载模块:content
[ 2012-11-17T21:32:55+08:00 ] ERR: (ThinkException) 无法加载模块:content
[ 2012-11-17T21:32:55+08:00 ] ERR: (ThinkException) 无法加载模块:content
[ 2012-11-17T21:32:56+08:00 ] ERR: (ThinkException) 无法加载模块:content
[ 2012-11-17T21:35:13+08:00 ] ERR: (ThinkException) 无法加载模块:scripts
[ 2012-11-17T21:35:13+08:00 ] ERR: (ThinkException) 无法加载模块:content
[ 2012-11-17T21:35:13+08:00 ] ERR: (ThinkException) 无法加载模块:content
[ 2012-11-17T21:35:13+08:00 ] ERR: (ThinkException) 无法加载模块:content
[ 2012-11-17T21:35:13+08:00 ] ERR: (ThinkException) 无法加载模块:content
[ 2012-11-17T21:35:13+08:00 ] ERR: (ThinkException) 无法加载模块:content
[ 2012-11-17T21:35:13+08:00 ] ERR: (ThinkException) 无法加载模块:Public
[ 2012-11-17T21:35:13+08:00 ] ERR: (ThinkException) 无法加载模块:content
[ 2012-11-17T21:35:13+08:00 ] ERR: (ThinkException) 无法加载模块:content
[ 2012-11-17T21:35:13+08:00 ] ERR: (ThinkException) 无法加载模块:content
[ 2012-11-17T21:35:13+08:00 ] ERR: (ThinkException) 无法加载模块:content
[ 2012-11-17T21:35:13+08:00 ] ERR: (ThinkException) 无法加载模块:content
[ 2012-11-17T21:35:15+08:00 ] ERR: (ThinkException) 无法加载模块:content
[ 2012-11-17T21:38:42+08:00 ] ERR: (ThinkException) 无法加载模块:Public
[ 2012-11-17T21:38:42+08:00 ] ERR: (ThinkException) 无法加载模块:scripts
[ 2012-11-17T21:38:42+08:00 ] ERR: (ThinkException) 无法加载模块:content
[ 2012-11-17T21:38:42+08:00 ] ERR: (ThinkException) 无法加载模块:content
[ 2012-11-17T21:38:42+08:00 ] ERR: (ThinkException) 无法加载模块:content
[ 2012-11-17T21:38:43+08:00 ] ERR: (ThinkException) 无法加载模块:content
[ 2012-11-17T21:38:43+08:00 ] ERR: (ThinkException) 无法加载模块:content
[ 2012-11-17T21:38:43+08:00 ] ERR: (ThinkException) 无法加载模块:content
[ 2012-11-17T21:38:46+08:00 ] ERR: (ThinkException) 无法加载模块:scripts
[ 2012-11-17T21:38:46+08:00 ] ERR: (ThinkException) 无法加载模块:Public
[ 2012-11-17T21:38:46+08:00 ] ERR: (ThinkException) 无法加载模块:content
[ 2012-11-17T21:38:46+08:00 ] ERR: (ThinkException) 无法加载模块:content
[ 2012-11-17T21:38:46+08:00 ] ERR: (ThinkException) 无法加载模块:content
[ 2012-11-17T21:38:46+08:00 ] ERR: (ThinkException) 无法加载模块:content
[ 2012-11-17T21:38:46+08:00 ] ERR: (ThinkException) 无法加载模块:content
[ 2012-11-17T21:38:47+08:00 ] ERR: (ThinkException) 无法加载模块:content
[ 2012-11-17T21:39:55+08:00 ] ERR: (ThinkException) 无法加载模块:Public
[ 2012-11-17T21:39:55+08:00 ] ERR: (ThinkException) 无法加载模块:scripts
[ 2012-11-17T21:39:55+08:00 ] ERR: (ThinkException) 无法加载模块:content
[ 2012-11-17T21:39:55+08:00 ] ERR: (ThinkException) 无法加载模块:content
[ 2012-11-17T21:39:55+08:00 ] ERR: (ThinkException) 无法加载模块:content
[ 2012-11-17T21:39:55+08:00 ] ERR: (ThinkException) 无法加载模块:content
[ 2012-11-17T21:39:55+08:00 ] ERR: (ThinkException) 无法加载模块:content
[ 2012-11-17T21:39:56+08:00 ] ERR: (ThinkException) 无法加载模块:content
[ 2012-11-17T21:40:35+08:00 ] ERR: (ThinkException) 无法加载模块:scripts
[ 2012-11-17T21:40:35+08:00 ] ERR: (ThinkException) 无法加载模块:Public
[ 2012-11-17T21:40:35+08:00 ] ERR: (ThinkException) 无法加载模块:content
[ 2012-11-17T21:40:35+08:00 ] ERR: (ThinkException) 无法加载模块:content
[ 2012-11-17T21:40:35+08:00 ] ERR: (ThinkException) 无法加载模块:content
[ 2012-11-17T21:40:35+08:00 ] ERR: (ThinkException) 无法加载模块:content
[ 2012-11-17T21:40:35+08:00 ] ERR: (ThinkException) 无法加载模块:content
[ 2012-11-17T21:40:36+08:00 ] ERR: (ThinkException) 无法加载模块:content
[ 2012-11-17T21:42:08+08:00 ] ERR: (ThinkException) 无法加载模块:Public
[ 2012-11-17T21:42:08+08:00 ] ERR: (ThinkException) 无法加载模块:scripts
[ 2012-11-17T21:42:08+08:00 ] ERR: (ThinkException) 无法加载模块:content
[ 2012-11-17T21:42:08+08:00 ] ERR: (ThinkException) 无法加载模块:content
[ 2012-11-17T21:42:08+08:00 ] ERR: (ThinkException) 无法加载模块:content
[ 2012-11-17T21:42:08+08:00 ] ERR: (ThinkException) 无法加载模块:content
[ 2012-11-17T21:42:08+08:00 ] ERR: (ThinkException) 无法加载模块:content
[ 2012-11-17T21:42:09+08:00 ] ERR: (ThinkException) 无法加载模块:content
[ 2012-11-17T21:42:25+08:00 ] ERR: (ThinkException) 无法加载模块:Public
[ 2012-11-17T21:42:25+08:00 ] ERR: (ThinkException) 无法加载模块:scripts
[ 2012-11-17T21:42:25+08:00 ] ERR: (ThinkException) 无法加载模块:content
[ 2012-11-17T21:42:25+08:00 ] ERR: (ThinkException) 无法加载模块:content
[ 2012-11-17T21:42:25+08:00 ] ERR: (ThinkException) 无法加载模块:content
[ 2012-11-17T21:42:25+08:00 ] ERR: (ThinkException) 无法加载模块:content
[ 2012-11-17T21:42:25+08:00 ] ERR: (ThinkException) 无法加载模块:content
[ 2012-11-17T21:42:26+08:00 ] ERR: (ThinkException) 无法加载模块:content
[ 2012-11-17T21:42:26+08:00 ] ERR: (ThinkException) 无法加载模块:content
[ 2012-11-17T21:42:26+08:00 ] ERR: (ThinkException) 无法加载模块:content
[ 2012-11-17T21:42:26+08:00 ] ERR: (ThinkException) 无法加载模块:content
[ 2012-11-17T21:43:47+08:00 ] ERR: (ThinkException) 无法加载模块:Public
[ 2012-11-17T21:43:47+08:00 ] ERR: (ThinkException) 无法加载模块:scripts
[ 2012-11-17T21:43:47+08:00 ] ERR: (ThinkException) 无法加载模块:content
[ 2012-11-17T21:43:47+08:00 ] ERR: (ThinkException) 无法加载模块:content
[ 2012-11-17T21:43:48+08:00 ] ERR: (ThinkException) 无法加载模块:content
[ 2012-11-17T21:43:48+08:00 ] ERR: (ThinkException) 无法加载模块:content
[ 2012-11-17T21:43:48+08:00 ] ERR: (ThinkException) 无法加载模块:content
[ 2012-11-17T21:43:48+08:00 ] ERR: (ThinkException) 无法加载模块:content
[ 2012-11-17T21:43:48+08:00 ] ERR: (ThinkException) 无法加载模块:content
[ 2012-11-17T21:43:48+08:00 ] ERR: (ThinkException) 无法加载模块:content
[ 2012-11-17T21:43:48+08:00 ] ERR: (ThinkException) 无法加载模块:content
[ 2012-11-17T21:43:48+08:00 ] ERR: (ThinkException) 无法加载模块:content
[ 2012-11-17T21:43:49+08:00 ] ERR: (ThinkException) 无法加载模块:content
[ 2012-11-17T21:44:31+08:00 ] ERR: (ThinkException) 无法加载模块:Public
[ 2012-11-17T21:44:31+08:00 ] ERR: (ThinkException) 无法加载模块:scripts
[ 2012-11-17T21:44:31+08:00 ] ERR: (ThinkException) 无法加载模块:content
[ 2012-11-17T21:44:31+08:00 ] ERR: (ThinkException) 无法加载模块:content
[ 2012-11-17T21:44:31+08:00 ] ERR: (ThinkException) 无法加载模块:content
[ 2012-11-17T21:44:31+08:00 ] ERR: (ThinkException) 无法加载模块:content
[ 2012-11-17T21:44:31+08:00 ] ERR: (ThinkException) 无法加载模块:content
[ 2012-11-17T21:44:32+08:00 ] ERR: (ThinkException) 无法加载模块:content
[ 2012-11-17T21:46:01+08:00 ] ERR: (ThinkException) 无法加载模块:Public
[ 2012-11-17T21:46:01+08:00 ] ERR: (ThinkException) 无法加载模块:scripts
[ 2012-11-17T21:46:01+08:00 ] ERR: (ThinkException) 无法加载模块:content
[ 2012-11-17T21:46:01+08:00 ] ERR: (ThinkException) 无法加载模块:content
[ 2012-11-17T21:46:01+08:00 ] ERR: (ThinkException) 无法加载模块:content
[ 2012-11-17T21:46:01+08:00 ] ERR: (ThinkException) 无法加载模块:content
[ 2012-11-17T21:46:01+08:00 ] ERR: (ThinkException) 无法加载模块:content
[ 2012-11-17T21:46:02+08:00 ] ERR: (ThinkException) 无法加载模块:content
[ 2012-11-17T21:46:38+08:00 ] ERR: (ThinkException) 无法加载模块:Public
[ 2012-11-17T21:46:38+08:00 ] ERR: (ThinkException) 无法加载模块:content
[ 2012-11-17T21:46:38+08:00 ] ERR: (ThinkException) 无法加载模块:content
[ 2012-11-17T21:46:39+08:00 ] ERR: (ThinkException) 无法加载模块:content
[ 2012-11-17T21:46:39+08:00 ] ERR: (ThinkException) 无法加载模块:scripts
[ 2012-11-17T21:46:39+08:00 ] ERR: (ThinkException) 无法加载模块:content
[ 2012-11-17T21:46:39+08:00 ] ERR: (ThinkException) 无法加载模块:content
[ 2012-11-17T21:46:39+08:00 ] ERR: (ThinkException) 无法加载模块:content
[ 2012-11-17T21:46:39+08:00 ] ERR: (ThinkException) 无法加载模块:content
[ 2012-11-17T21:46:39+08:00 ] ERR: (ThinkException) 无法加载模块:content
[ 2012-11-17T21:46:39+08:00 ] ERR: (ThinkException) 无法加载模块:content
[ 2012-11-17T21:46:47+08:00 ] ERR: (ThinkException) 无法加载模块:Public
[ 2012-11-17T21:46:47+08:00 ] ERR: (ThinkException) 无法加载模块:scripts
[ 2012-11-17T21:46:47+08:00 ] ERR: (ThinkException) 无法加载模块:content
[ 2012-11-17T21:46:47+08:00 ] ERR: (ThinkException) 无法加载模块:content
[ 2012-11-17T21:46:47+08:00 ] ERR: (ThinkException) 无法加载模块:content
[ 2012-11-17T21:46:47+08:00 ] ERR: (ThinkException) 无法加载模块:content
[ 2012-11-17T21:46:47+08:00 ] ERR: (ThinkException) 无法加载模块:content
[ 2012-11-17T21:46:48+08:00 ] ERR: (ThinkException) 无法加载模块:content
[ 2012-11-17T21:46:48+08:00 ] ERR: (ThinkException) 无法加载模块:content
[ 2012-11-17T21:46:48+08:00 ] ERR: (ThinkException) 无法加载模块:content
[ 2012-11-17T21:46:48+08:00 ] ERR: (ThinkException) 无法加载模块:content
[ 2012-11-17T21:46:48+08:00 ] ERR: (ThinkException) 无法加载模块:content
[ 2012-11-17T21:46:48+08:00 ] ERR: (ThinkException) 无法加载模块:content
[ 2012-11-17T21:46:54+08:00 ] ERR: (ThinkException) 无法加载模块:Public
[ 2012-11-17T21:46:54+08:00 ] ERR: (ThinkException) 无法加载模块:scripts
[ 2012-11-17T21:46:55+08:00 ] ERR: (ThinkException) 无法加载模块:content
[ 2012-11-17T21:46:55+08:00 ] ERR: (ThinkException) 无法加载模块:content
[ 2012-11-17T21:46:55+08:00 ] ERR: (ThinkException) 无法加载模块:content
[ 2012-11-17T21:46:55+08:00 ] ERR: (ThinkException) 无法加载模块:content
[ 2012-11-17T21:46:55+08:00 ] ERR: (ThinkException) 无法加载模块:content
[ 2012-11-17T21:46:55+08:00 ] ERR: (ThinkException) 无法加载模块:content
[ 2012-11-17T21:47:02+08:00 ] ERR: (ThinkException) 无法加载模块:Public
[ 2012-11-17T21:47:02+08:00 ] ERR: (ThinkException) 无法加载模块:scripts
[ 2012-11-17T21:47:02+08:00 ] ERR: (ThinkException) 无法加载模块:content
[ 2012-11-17T21:47:02+08:00 ] ERR: (ThinkException) 无法加载模块:content
[ 2012-11-17T21:47:02+08:00 ] ERR: (ThinkException) 无法加载模块:content
[ 2012-11-17T21:47:02+08:00 ] ERR: (ThinkException) 无法加载模块:content
[ 2012-11-17T21:47:02+08:00 ] ERR: (ThinkException) 无法加载模块:content
[ 2012-11-17T21:47:02+08:00 ] ERR: (ThinkException) 无法加载模块:content
[ 2012-11-17T21:48:23+08:00 ] ERR: (ThinkException) 无法加载模块:scripts
[ 2012-11-17T21:48:24+08:00 ] ERR: (ThinkException) 无法加载模块:Public
[ 2012-11-17T21:48:24+08:00 ] ERR: (ThinkException) 无法加载模块:content
[ 2012-11-17T21:48:24+08:00 ] ERR: (ThinkException) 无法加载模块:content
[ 2012-11-17T21:48:24+08:00 ] ERR: (ThinkException) 无法加载模块:content
[ 2012-11-17T21:48:24+08:00 ] ERR: (ThinkException) 无法加载模块:content
[ 2012-11-17T21:48:24+08:00 ] ERR: (ThinkException) 无法加载模块:content
[ 2012-11-17T21:48:24+08:00 ] ERR: (ThinkException) 无法加载模块:content
[ 2012-11-17T21:50:47+08:00 ] ERR: (ThinkException) 无法加载模块:scripts
[ 2012-11-17T21:50:47+08:00 ] ERR: (ThinkException) 无法加载模块:Public
[ 2012-11-17T21:50:47+08:00 ] ERR: (ThinkException) 无法加载模块:content
[ 2012-11-17T21:50:47+08:00 ] ERR: (ThinkException) 无法加载模块:content
[ 2012-11-17T21:50:47+08:00 ] ERR: (ThinkException) 无法加载模块:content
[ 2012-11-17T21:50:47+08:00 ] ERR: (ThinkException) 无法加载模块:content
[ 2012-11-17T21:50:47+08:00 ] ERR: (ThinkException) 无法加载模块:content
[ 2012-11-17T21:50:47+08:00 ] ERR: (ThinkException) 无法加载模块:content
[ 2012-11-17T21:50:47+08:00 ] ERR: (ThinkException) 无法加载模块:content
[ 2012-11-17T21:51:29+08:00 ] ERR: (ThinkException) 无法加载模块:scripts
[ 2012-11-17T21:51:29+08:00 ] ERR: (ThinkException) 无法加载模块:Public
[ 2012-11-17T21:51:29+08:00 ] ERR: (ThinkException) 无法加载模块:content
[ 2012-11-17T21:51:29+08:00 ] ERR: (ThinkException) 无法加载模块:content
[ 2012-11-17T21:51:29+08:00 ] ERR: (ThinkException) 无法加载模块:content
[ 2012-11-17T21:51:29+08:00 ] ERR: (ThinkException) 无法加载模块:content
[ 2012-11-17T21:51:29+08:00 ] ERR: (ThinkException) 无法加载模块:content
[ 2012-11-17T21:51:29+08:00 ] ERR: (ThinkException) 无法加载模块:content
[ 2012-11-17T21:51:38+08:00 ] ERR: (ThinkException) 无法加载模块:Public
[ 2012-11-17T21:51:38+08:00 ] ERR: (ThinkException) 无法加载模块:scripts
[ 2012-11-17T21:51:38+08:00 ] ERR: (ThinkException) 无法加载模块:content
[ 2012-11-17T21:51:38+08:00 ] ERR: (ThinkException) 无法加载模块:content
[ 2012-11-17T21:51:38+08:00 ] ERR: (ThinkException) 无法加载模块:content
[ 2012-11-17T21:51:38+08:00 ] ERR: (ThinkException) 无法加载模块:content
[ 2012-11-17T21:51:38+08:00 ] ERR: (ThinkException) 无法加载模块:content
[ 2012-11-17T21:51:39+08:00 ] ERR: (ThinkException) 无法加载模块:content
[ 2012-11-17T21:54:55+08:00 ] ERR: (ThinkException) 无法加载模块:scripts
[ 2012-11-17T21:54:55+08:00 ] ERR: (ThinkException) 无法加载模块:content
[ 2012-11-17T21:54:55+08:00 ] ERR: (ThinkException) 无法加载模块:Public
[ 2012-11-17T21:54:55+08:00 ] ERR: (ThinkException) 无法加载模块:content
[ 2012-11-17T21:54:55+08:00 ] ERR: (ThinkException) 无法加载模块:content
[ 2012-11-17T21:54:55+08:00 ] ERR: (ThinkException) 无法加载模块:content
[ 2012-11-17T21:54:55+08:00 ] ERR: (ThinkException) 无法加载模块:content
[ 2012-11-17T21:54:56+08:00 ] ERR: (ThinkException) 无法加载模块:content
[ 2012-11-17T21:54:56+08:00 ] ERR: (ThinkException) 无法加载模块:content
[ 2012-11-17T21:54:56+08:00 ] ERR: (ThinkException) 无法加载模块:content
[ 2012-11-17T21:54:56+08:00 ] ERR: (ThinkException) 无法加载模块:content
[ 2012-11-17T21:54:56+08:00 ] ERR: (ThinkException) 无法加载模块:content
[ 2012-11-17T21:54:56+08:00 ] ERR: (ThinkException) 无法加载模块:content
[ 2012-11-17T21:55:03+08:00 ] ERR: (ThinkException) 无法加载模块:Public
[ 2012-11-17T21:55:03+08:00 ] ERR: (ThinkException) 无法加载模块:scripts
[ 2012-11-17T21:55:03+08:00 ] ERR: (ThinkException) 无法加载模块:content
[ 2012-11-17T21:55:03+08:00 ] ERR: (ThinkException) 无法加载模块:content
[ 2012-11-17T21:55:03+08:00 ] ERR: (ThinkException) 无法加载模块:content
[ 2012-11-17T21:55:03+08:00 ] ERR: (ThinkException) 无法加载模块:content
[ 2012-11-17T21:55:03+08:00 ] ERR: (ThinkException) 无法加载模块:content
[ 2012-11-17T21:55:03+08:00 ] ERR: (ThinkException) 无法加载模块:content
[ 2012-11-17T21:55:08+08:00 ] ERR: (ThinkException) 无法加载模块:Public
[ 2012-11-17T21:55:08+08:00 ] ERR: (ThinkException) 无法加载模块:content
[ 2012-11-17T21:55:08+08:00 ] ERR: (ThinkException) 无法加载模块:scripts
[ 2012-11-17T21:55:08+08:00 ] ERR: (ThinkException) 无法加载模块:content
[ 2012-11-17T21:55:08+08:00 ] ERR: (ThinkException) 无法加载模块:content
[ 2012-11-17T21:55:08+08:00 ] ERR: (ThinkException) 无法加载模块:content
[ 2012-11-17T21:55:08+08:00 ] ERR: (ThinkException) 无法加载模块:content
[ 2012-11-17T21:55:11+08:00 ] ERR: (ThinkException) 无法加载模块:content
[ 2012-11-17T21:55:11+08:00 ] ERR: (ThinkException) 无法加载模块:content
[ 2012-11-17T21:55:11+08:00 ] ERR: (ThinkException) 无法加载模块:content
[ 2012-11-17T21:55:11+08:00 ] ERR: (ThinkException) 无法加载模块:content
[ 2012-11-17T21:55:11+08:00 ] ERR: (ThinkException) 无法加载模块:content
[ 2012-11-17T21:55:11+08:00 ] ERR: (ThinkException) 无法加载模块:content
[ 2012-11-17T21:55:32+08:00 ] ERR: (ThinkException) 无法加载模块:scripts
[ 2012-11-17T21:55:32+08:00 ] ERR: (ThinkException) 无法加载模块:Public
[ 2012-11-17T21:55:32+08:00 ] ERR: (ThinkException) 无法加载模块:content
[ 2012-11-17T21:55:32+08:00 ] ERR: (ThinkException) 无法加载模块:content
[ 2012-11-17T21:55:32+08:00 ] ERR: (ThinkException) 无法加载模块:content
[ 2012-11-17T21:55:32+08:00 ] ERR: (ThinkException) 无法加载模块:content
[ 2012-11-17T21:55:32+08:00 ] ERR: (ThinkException) 无法加载模块:content
[ 2012-11-17T21:55:33+08:00 ] ERR: (ThinkException) 无法加载模块:content
[ 2012-11-17T21:55:39+08:00 ] ERR: (ThinkException) 无法加载模块:scripts
[ 2012-11-17T21:55:39+08:00 ] ERR: (ThinkException) 无法加载模块:Public
[ 2012-11-17T21:55:39+08:00 ] ERR: (ThinkException) 无法加载模块:content
[ 2012-11-17T21:55:39+08:00 ] ERR: (ThinkException) 无法加载模块:content
[ 2012-11-17T21:55:39+08:00 ] ERR: (ThinkException) 无法加载模块:content
[ 2012-11-17T21:55:39+08:00 ] ERR: (ThinkException) 无法加载模块:content
[ 2012-11-17T21:55:39+08:00 ] ERR: (ThinkException) 无法加载模块:content
[ 2012-11-17T21:55:40+08:00 ] ERR: (ThinkException) 无法加载模块:content
[ 2012-11-17T21:55:40+08:00 ] ERR: (ThinkException) 无法加载模块:content
[ 2012-11-17T21:55:40+08:00 ] ERR: (ThinkException) 无法加载模块:content
[ 2012-11-17T21:55:40+08:00 ] ERR: (ThinkException) 无法加载模块:content
[ 2012-11-17T21:55:40+08:00 ] ERR: (ThinkException) 无法加载模块:content
[ 2012-11-17T21:55:40+08:00 ] ERR: (ThinkException) 无法加载模块:content
[ 2012-11-17T21:55:48+08:00 ] ERR: (ThinkException) 无法加载模块:Public
[ 2012-11-17T21:55:48+08:00 ] ERR: (ThinkException) 无法加载模块:scripts
[ 2012-11-17T21:55:48+08:00 ] ERR: (ThinkException) 无法加载模块:content
[ 2012-11-17T21:55:48+08:00 ] ERR: (ThinkException) 无法加载模块:content
[ 2012-11-17T21:55:48+08:00 ] ERR: (ThinkException) 无法加载模块:content
[ 2012-11-17T21:55:48+08:00 ] ERR: (ThinkException) 无法加载模块:content
[ 2012-11-17T21:55:48+08:00 ] ERR: (ThinkException) 无法加载模块:content
[ 2012-11-17T21:55:48+08:00 ] ERR: (ThinkException) 无法加载模块:content
[ 2012-11-17T21:55:48+08:00 ] ERR: (ThinkException) 无法加载模块:content
[ 2012-11-17T21:55:49+08:00 ] ERR: (ThinkException) 无法加载模块:content
[ 2012-11-17T21:56:44+08:00 ] ERR: (ThinkException) 无法加载模块:scripts
[ 2012-11-17T21:56:44+08:00 ] ERR: (ThinkException) 无法加载模块:Public
[ 2012-11-17T21:56:44+08:00 ] ERR: (ThinkException) 无法加载模块:content
[ 2012-11-17T21:56:44+08:00 ] ERR: (ThinkException) 无法加载模块:content
[ 2012-11-17T21:56:44+08:00 ] ERR: (ThinkException) 无法加载模块:content
[ 2012-11-17T21:56:44+08:00 ] ERR: (ThinkException) 无法加载模块:content
[ 2012-11-17T21:56:44+08:00 ] ERR: (ThinkException) 无法加载模块:content
[ 2012-11-17T21:56:44+08:00 ] ERR: (ThinkException) 无法加载模块:content
[ 2012-11-17T21:56:59+08:00 ] ERR: (ThinkException) 无法加载模块:scripts
[ 2012-11-17T21:56:59+08:00 ] ERR: (ThinkException) 无法加载模块:Public
[ 2012-11-17T21:56:59+08:00 ] ERR: (ThinkException) 无法加载模块:content
[ 2012-11-17T21:56:59+08:00 ] ERR: (ThinkException) 无法加载模块:content
[ 2012-11-17T21:56:59+08:00 ] ERR: (ThinkException) 无法加载模块:content
[ 2012-11-17T21:56:59+08:00 ] ERR: (ThinkException) 无法加载模块:content
[ 2012-11-17T21:56:59+08:00 ] ERR: (ThinkException) 无法加载模块:content
[ 2012-11-17T21:56:59+08:00 ] ERR: (ThinkException) 无法加载模块:content
[ 2012-11-17T21:57:16+08:00 ] ERR: (ThinkException) 无法加载模块:Public
[ 2012-11-17T21:57:16+08:00 ] ERR: (ThinkException) 无法加载模块:scripts
[ 2012-11-17T21:57:16+08:00 ] ERR: (ThinkException) 无法加载模块:content
[ 2012-11-17T21:57:16+08:00 ] ERR: (ThinkException) 无法加载模块:content
[ 2012-11-17T21:57:16+08:00 ] ERR: (ThinkException) 无法加载模块:content
[ 2012-11-17T21:57:16+08:00 ] ERR: (ThinkException) 无法加载模块:content
[ 2012-11-17T21:57:16+08:00 ] ERR: (ThinkException) 无法加载模块:content
[ 2012-11-17T21:57:17+08:00 ] ERR: (ThinkException) 无法加载模块:content
[ 2012-11-17T21:57:22+08:00 ] ERR: (ThinkException) 无法加载模块:Public
[ 2012-11-17T21:57:22+08:00 ] ERR: (ThinkException) 无法加载模块:scripts
[ 2012-11-17T21:57:22+08:00 ] ERR: (ThinkException) 无法加载模块:content
[ 2012-11-17T21:57:22+08:00 ] ERR: (ThinkException) 无法加载模块:content
[ 2012-11-17T21:57:22+08:00 ] ERR: (ThinkException) 无法加载模块:content
[ 2012-11-17T21:57:22+08:00 ] ERR: (ThinkException) 无法加载模块:content
[ 2012-11-17T21:57:22+08:00 ] ERR: (ThinkException) 无法加载模块:content
[ 2012-11-17T21:57:23+08:00 ] ERR: (ThinkException) 无法加载模块:content
[ 2012-11-17T21:57:23+08:00 ] ERR: (ThinkException) 无法加载模块:content
[ 2012-11-17T21:57:23+08:00 ] ERR: (ThinkException) 无法加载模块:content
[ 2012-11-17T21:57:23+08:00 ] ERR: (ThinkException) 无法加载模块:content
[ 2012-11-17T21:57:23+08:00 ] ERR: (ThinkException) 无法加载模块:content
[ 2012-11-17T21:57:23+08:00 ] ERR: (ThinkException) 无法加载模块:content
[ 2012-11-17T21:57:46+08:00 ] ERR: (ThinkException) 无法加载模块:Public
[ 2012-11-17T21:57:46+08:00 ] ERR: (ThinkException) 无法加载模块:content
[ 2012-11-17T21:57:46+08:00 ] ERR: (ThinkException) 无法加载模块:scripts
[ 2012-11-17T21:57:46+08:00 ] ERR: (ThinkException) 无法加载模块:content
[ 2012-11-17T21:57:46+08:00 ] ERR: (ThinkException) 无法加载模块:content
[ 2012-11-17T21:57:46+08:00 ] ERR: (ThinkException) 无法加载模块:content
[ 2012-11-17T21:57:46+08:00 ] ERR: (ThinkException) 无法加载模块:content
[ 2012-11-17T21:57:46+08:00 ] ERR: (ThinkException) 无法加载模块:content
[ 2012-11-17T21:57:47+08:00 ] ERR: (ThinkException) 无法加载模块:content
[ 2012-11-17T22:00:01+08:00 ] ERR: (ThinkException) 无法加载模块:Public
[ 2012-11-17T22:00:01+08:00 ] ERR: (ThinkException) 无法加载模块:scripts
[ 2012-11-17T22:00:01+08:00 ] ERR: (ThinkException) 无法加载模块:content
[ 2012-11-17T22:00:01+08:00 ] ERR: (ThinkException) 无法加载模块:content
[ 2012-11-17T22:00:01+08:00 ] ERR: (ThinkException) 无法加载模块:content
[ 2012-11-17T22:00:01+08:00 ] ERR: (ThinkException) 无法加载模块:content
[ 2012-11-17T22:00:01+08:00 ] ERR: (ThinkException) 无法加载模块:content
[ 2012-11-17T22:00:02+08:00 ] ERR: (ThinkException) 无法加载模块:content
[ 2012-11-17T22:01:25+08:00 ] ERR: (ThinkException) 无法加载模块:Public
[ 2012-11-17T22:01:25+08:00 ] ERR: (ThinkException) 无法加载模块:scripts
[ 2012-11-17T22:01:25+08:00 ] ERR: (ThinkException) 无法加载模块:content
[ 2012-11-17T22:01:25+08:00 ] ERR: (ThinkException) 无法加载模块:content
[ 2012-11-17T22:01:25+08:00 ] ERR: (ThinkException) 无法加载模块:content
[ 2012-11-17T22:01:25+08:00 ] ERR: (ThinkException) 无法加载模块:content
[ 2012-11-17T22:01:25+08:00 ] ERR: (ThinkException) 无法加载模块:content
[ 2012-11-17T22:01:26+08:00 ] ERR: (ThinkException) 无法加载模块:content
[ 2012-11-17T22:04:30+08:00 ] ERR: (ThinkException) 无法加载模块:Public
[ 2012-11-17T22:04:30+08:00 ] ERR: (ThinkException) 无法加载模块:scripts
[ 2012-11-17T22:04:30+08:00 ] ERR: (ThinkException) 无法加载模块:content
[ 2012-11-17T22:04:30+08:00 ] ERR: (ThinkException) 无法加载模块:content
[ 2012-11-17T22:04:30+08:00 ] ERR: (ThinkException) 无法加载模块:content
[ 2012-11-17T22:04:30+08:00 ] ERR: (ThinkException) 无法加载模块:content
[ 2012-11-17T22:04:30+08:00 ] ERR: (ThinkException) 无法加载模块:content
[ 2012-11-17T22:04:31+08:00 ] ERR: (ThinkException) 无法加载模块:content
[ 2012-11-17T22:04:31+08:00 ] ERR: (ThinkException) 无法加载模块:content
[ 2012-11-17T22:04:31+08:00 ] ERR: (ThinkException) 无法加载模块:content
[ 2012-11-17T22:04:31+08:00 ] ERR: (ThinkException) 无法加载模块:content
[ 2012-11-17T22:04:31+08:00 ] ERR: (ThinkException) 无法加载模块:content
[ 2012-11-17T22:04:32+08:00 ] ERR: (ThinkException) 无法加载模块:content
[ 2012-11-17T22:04:41+08:00 ] ERR: (ThinkException) 无法加载模块:index
[ 2012-11-17T22:04:43+08:00 ] ERR: (ThinkException) 无法加载模块:content
[ 2012-11-17T22:04:43+08:00 ] ERR: (ThinkException) 无法加载模块:content
[ 2012-11-17T22:04:43+08:00 ] ERR: (ThinkException) 无法加载模块:content
[ 2012-11-17T22:04:43+08:00 ] ERR: (ThinkException) 无法加载模块:content
[ 2012-11-17T22:04:43+08:00 ] ERR: (ThinkException) 无法加载模块:content
[ 2012-11-17T22:05:32+08:00 ] ERR: (ThinkException) 无法加载模块:scripts
[ 2012-11-17T22:05:32+08:00 ] ERR: (ThinkException) 无法加载模块:Public
[ 2012-11-17T22:05:32+08:00 ] ERR: (ThinkException) 无法加载模块:content
[ 2012-11-17T22:05:32+08:00 ] ERR: (ThinkException) 无法加载模块:content
[ 2012-11-17T22:05:32+08:00 ] ERR: (ThinkException) 无法加载模块:content
[ 2012-11-17T22:05:32+08:00 ] ERR: (ThinkException) 无法加载模块:content
[ 2012-11-17T22:05:32+08:00 ] ERR: (ThinkException) 无法加载模块:content
[ 2012-11-17T22:05:33+08:00 ] ERR: (ThinkException) 无法加载模块:content
[ 2012-11-17T22:06:02+08:00 ] ERR: (ThinkException) 无法加载模块:Public
[ 2012-11-17T22:06:03+08:00 ] ERR: (ThinkException) 无法加载模块:scripts
[ 2012-11-17T22:06:03+08:00 ] ERR: (ThinkException) 无法加载模块:content
[ 2012-11-17T22:06:03+08:00 ] ERR: (ThinkException) 无法加载模块:content
[ 2012-11-17T22:06:03+08:00 ] ERR: (ThinkException) 无法加载模块:content
[ 2012-11-17T22:06:03+08:00 ] ERR: (ThinkException) 无法加载模块:content
[ 2012-11-17T22:06:03+08:00 ] ERR: (ThinkException) 无法加载模块:content
[ 2012-11-17T22:06:03+08:00 ] ERR: (ThinkException) 无法加载模块:content
[ 2012-11-17T22:07:35+08:00 ] ERR: (ThinkException) 无法加载模块:Public
[ 2012-11-17T22:07:35+08:00 ] ERR: (ThinkException) 无法加载模块:content
[ 2012-11-17T22:07:35+08:00 ] ERR: (ThinkException) 无法加载模块:content
[ 2012-11-17T22:07:35+08:00 ] ERR: (ThinkException) 无法加载模块:content
[ 2012-11-17T22:07:35+08:00 ] ERR: (ThinkException) 无法加载模块:content
[ 2012-11-17T22:07:35+08:00 ] ERR: (ThinkException) 无法加载模块:content
[ 2012-11-17T22:07:35+08:00 ] ERR: (ThinkException) 无法加载模块:scripts
[ 2012-11-17T22:07:35+08:00 ] ERR: (ThinkException) 无法加载模块:content
[ 2012-11-17T22:07:35+08:00 ] ERR: (ThinkException) 无法加载模块:content
[ 2012-11-17T22:07:35+08:00 ] ERR: (ThinkException) 无法加载模块:content
[ 2012-11-17T22:07:35+08:00 ] ERR: (ThinkException) 无法加载模块:content
[ 2012-11-17T22:07:35+08:00 ] ERR: (ThinkException) 无法加载模块:content
[ 2012-11-17T22:07:36+08:00 ] ERR: (ThinkException) 无法加载模块:content
[ 2012-11-17T22:12:33+08:00 ] ERR: (ThinkException) 无法加载模块:Public
[ 2012-11-17T22:12:33+08:00 ] ERR: (ThinkException) 无法加载模块:content
[ 2012-11-17T22:12:33+08:00 ] ERR: (ThinkException) 无法加载模块:content
[ 2012-11-17T22:12:33+08:00 ] ERR: (ThinkException) 无法加载模块:content
[ 2012-11-17T22:12:33+08:00 ] ERR: (ThinkException) 无法加载模块:content
[ 2012-11-17T22:12:33+08:00 ] ERR: (ThinkException) 无法加载模块:scripts
[ 2012-11-17T22:12:33+08:00 ] ERR: (ThinkException) 无法加载模块:content
[ 2012-11-17T22:12:33+08:00 ] ERR: (ThinkException) 无法加载模块:content
[ 2012-11-17T22:12:33+08:00 ] ERR: (ThinkException) 无法加载模块:content
[ 2012-11-17T22:12:33+08:00 ] ERR: (ThinkException) 无法加载模块:content
[ 2012-11-17T22:12:33+08:00 ] ERR: (ThinkException) 无法加载模块:content
[ 2012-11-17T22:12:33+08:00 ] ERR: (ThinkException) 无法加载模块:content
[ 2012-11-17T22:12:33+08:00 ] ERR: (ThinkException) 无法加载模块:content
[ 2012-11-17T22:17:18+08:00 ] ERR: (ThinkException) 无法加载模块:scripts
[ 2012-11-17T22:17:18+08:00 ] ERR: (ThinkException) 无法加载模块:Public
[ 2012-11-17T22:17:18+08:00 ] ERR: (ThinkException) 无法加载模块:content
[ 2012-11-17T22:17:18+08:00 ] ERR: (ThinkException) 无法加载模块:content
[ 2012-11-17T22:17:18+08:00 ] ERR: (ThinkException) 无法加载模块:content
[ 2012-11-17T22:17:18+08:00 ] ERR: (ThinkException) 无法加载模块:content
[ 2012-11-17T22:17:18+08:00 ] ERR: (ThinkException) 无法加载模块:content
[ 2012-11-17T22:17:18+08:00 ] ERR: (ThinkException) 无法加载模块:content
[ 2012-11-17T22:17:18+08:00 ] ERR: (ThinkException) 无法加载模块:content
[ 2012-11-17T22:17:18+08:00 ] ERR: (ThinkException) 无法加载模块:content
[ 2012-11-17T22:17:18+08:00 ] ERR: (ThinkException) 无法加载模块:content
[ 2012-11-17T22:17:18+08:00 ] ERR: (ThinkException) 无法加载模块:content
[ 2012-11-17T22:17:19+08:00 ] ERR: (ThinkException) 无法加载模块:content
[ 2012-11-17T22:18:28+08:00 ] ERR: (ThinkException) 无法加载模块:Public
[ 2012-11-17T22:18:28+08:00 ] ERR: (ThinkException) 无法加载模块:scripts
[ 2012-11-17T22:18:28+08:00 ] ERR: (ThinkException) 无法加载模块:content
[ 2012-11-17T22:18:28+08:00 ] ERR: (ThinkException) 无法加载模块:content
[ 2012-11-17T22:18:28+08:00 ] ERR: (ThinkException) 无法加载模块:content
[ 2012-11-17T22:18:28+08:00 ] ERR: (ThinkException) 无法加载模块:content
[ 2012-11-17T22:18:28+08:00 ] ERR: (ThinkException) 无法加载模块:content
[ 2012-11-17T22:18:28+08:00 ] ERR: (ThinkException) 无法加载模块:content
[ 2012-11-17T22:18:28+08:00 ] ERR: (ThinkException) 无法加载模块:content
[ 2012-11-17T22:18:28+08:00 ] ERR: (ThinkException) 无法加载模块:content
[ 2012-11-17T22:18:29+08:00 ] ERR: (ThinkException) 无法加载模块:content
[ 2012-11-17T22:18:41+08:00 ] ERR: (ThinkException) 无法加载模块:content
[ 2012-11-17T22:18:41+08:00 ] ERR: (ThinkException) 无法加载模块:content
[ 2012-11-17T22:18:41+08:00 ] ERR: (ThinkException) 无法加载模块:content
[ 2012-11-17T22:18:41+08:00 ] ERR: (ThinkException) 无法加载模块:Public
[ 2012-11-17T22:18:41+08:00 ] ERR: (ThinkException) 无法加载模块:content
[ 2012-11-17T22:18:41+08:00 ] ERR: (ThinkException) 无法加载模块:scripts
[ 2012-11-17T22:18:41+08:00 ] ERR: (ThinkException) 无法加载模块:content
[ 2012-11-17T22:18:42+08:00 ] ERR: (ThinkException) 无法加载模块:content
[ 2012-11-17T22:18:42+08:00 ] ERR: (ThinkException) 无法加载模块:content
[ 2012-11-17T22:18:42+08:00 ] ERR: (ThinkException) 无法加载模块:content
[ 2012-11-17T22:18:42+08:00 ] ERR: (ThinkException) 无法加载模块:content
[ 2012-11-17T22:18:42+08:00 ] ERR: (ThinkException) 无法加载模块:content
[ 2012-11-17T22:20:44+08:00 ] ERR: (ThinkException) 无法加载模块:Public
[ 2012-11-17T22:20:44+08:00 ] ERR: (ThinkException) 无法加载模块:scripts
[ 2012-11-17T22:20:45+08:00 ] ERR: (ThinkException) 无法加载模块:content
[ 2012-11-17T22:21:12+08:00 ] ERR: (ThinkException) 无法加载模块:Public
[ 2012-11-17T22:21:12+08:00 ] ERR: (ThinkException) 无法加载模块:scripts
[ 2012-11-17T22:21:12+08:00 ] ERR: (ThinkException) 无法加载模块:content
[ 2012-11-17T22:26:21+08:00 ] ERR: (ThinkException) 无法加载模块:Public
[ 2012-11-17T22:26:21+08:00 ] ERR: (ThinkException) 无法加载模块:scripts
[ 2012-11-17T22:26:22+08:00 ] ERR: (ThinkException) 无法加载模块:content
[ 2012-11-17T22:26:40+08:00 ] ERR: (ThinkException) 无法加载模块:index
[ 2012-11-17T22:27:32+08:00 ] ERR: (ThinkException) 无法加载模块:scripts
[ 2012-11-17T22:27:32+08:00 ] ERR: (ThinkException) 无法加载模块:Public
[ 2012-11-17T22:32:51+08:00 ] ERR: (ThinkException) 无法加载模块:scripts
[ 2012-11-17T22:32:51+08:00 ] ERR: (ThinkException) 无法加载模块:Public
[ 2012-11-17T22:32:52+08:00 ] ERR: (ThinkException) 无法加载模块:content
[ 2012-11-17T22:33:07+08:00 ] ERR: (ThinkException) 无法加载模块:Public
[ 2012-11-17T22:33:07+08:00 ] ERR: (ThinkException) 无法加载模块:scripts
[ 2012-11-17T22:33:08+08:00 ] ERR: (ThinkException) 无法加载模块:content
[ 2012-11-17T22:33:13+08:00 ] ERR: (ThinkException) 无法加载模块:Public
[ 2012-11-17T22:33:13+08:00 ] ERR: (ThinkException) 无法加载模块:scripts
[ 2012-11-17T22:33:14+08:00 ] ERR: (ThinkException) 无法加载模块:content
[ 2012-11-17T22:36:34+08:00 ] ERR: (ThinkException) 无法加载模块:Public
[ 2012-11-17T22:36:34+08:00 ] ERR: (ThinkException) 无法加载模块:scripts
[ 2012-11-17T22:36:35+08:00 ] ERR: (ThinkException) 无法加载模块:content
[ 2012-11-17T22:36:43+08:00 ] ERR: (ThinkException) 无法加载模块:Public
[ 2012-11-17T22:36:43+08:00 ] ERR: (ThinkException) 无法加载模块:scripts
[ 2012-11-17T22:36:44+08:00 ] ERR: (ThinkException) 无法加载模块:content
[ 2012-11-17T22:37:02+08:00 ] ERR: (ThinkException) 无法加载模块:Public
[ 2012-11-17T22:37:02+08:00 ] ERR: (ThinkException) 无法加载模块:scripts
[ 2012-11-17T22:37:03+08:00 ] ERR: (ThinkException) 无法加载模块:content
[ 2012-11-17T22:37:09+08:00 ] ERR: (ThinkException) 无法加载模块:Public
[ 2012-11-17T22:37:09+08:00 ] ERR: (ThinkException) 无法加载模块:scripts
[ 2012-11-17T22:37:10+08:00 ] ERR: (ThinkException) 无法加载模块:content
[ 2012-11-17T22:38:46+08:00 ] ERR: (ThinkException) 无法加载模块:Public
[ 2012-11-17T22:38:46+08:00 ] ERR: (ThinkException) 无法加载模块:scripts
[ 2012-11-17T22:38:47+08:00 ] ERR: (ThinkException) 无法加载模块:content
[ 2012-11-17T22:38:50+08:00 ] ERR: (ThinkException) 无法加载模块:Public
[ 2012-11-17T22:38:50+08:00 ] ERR: (ThinkException) 无法加载模块:scripts
[ 2012-11-17T22:38:51+08:00 ] ERR: (ThinkException) 无法加载模块:content
[ 2012-11-17T22:40:28+08:00 ] ERR: (ThinkException) 无法加载模块:scripts
[ 2012-11-17T22:40:28+08:00 ] ERR: (ThinkException) 无法加载模块:Public
[ 2012-11-17T22:40:29+08:00 ] ERR: (ThinkException) 无法加载模块:content
[ 2012-11-17T22:40:43+08:00 ] ERR: (ThinkException) 无法加载模块:Public
[ 2012-11-17T22:40:43+08:00 ] ERR: (ThinkException) 无法加载模块:scripts
[ 2012-11-17T22:40:44+08:00 ] ERR: (ThinkException) 无法加载模块:content
[ 2012-11-17T22:40:49+08:00 ] ERR: (ThinkException) 无法加载模块:Public
[ 2012-11-17T22:40:49+08:00 ] ERR: (ThinkException) 无法加载模块:scripts
[ 2012-11-17T22:40:50+08:00 ] ERR: (ThinkException) 无法加载模块:content
[ 2012-11-17T22:40:59+08:00 ] ERR: (ThinkException) 无法加载模块:scripts
[ 2012-11-17T22:40:59+08:00 ] ERR: (ThinkException) 无法加载模块:Public
[ 2012-11-17T22:41:00+08:00 ] ERR: (ThinkException) 无法加载模块:content
[ 2012-11-17T22:41:28+08:00 ] ERR: (ThinkException) 无法加载模块:Public
[ 2012-11-17T22:41:28+08:00 ] ERR: (ThinkException) 无法加载模块:scripts
[ 2012-11-17T22:41:28+08:00 ] ERR: (ThinkException) 无法加载模块:content
[ 2012-11-17T22:42:10+08:00 ] ERR: (ThinkException) 无法加载模块:scripts
[ 2012-11-17T22:42:10+08:00 ] ERR: (ThinkException) 无法加载模块:Public
[ 2012-11-17T22:42:10+08:00 ] ERR: (ThinkException) 无法加载模块:content
[ 2012-11-17T22:42:19+08:00 ] ERR: (ThinkException) 无法加载模块:Public
[ 2012-11-17T22:42:19+08:00 ] ERR: (ThinkException) 无法加载模块:scripts
[ 2012-11-17T22:42:19+08:00 ] ERR: (ThinkException) 无法加载模块:content
[ 2012-11-17T22:48:05+08:00 ] ERR: (ThinkException) 无法加载模块:bootstrap-components
[ 2012-11-17T22:48:06+08:00 ] ERR: (ThinkException) 无法加载模块:Public
[ 2012-11-17T22:48:06+08:00 ] ERR: (ThinkException) 无法加载模块:scripts
[ 2012-11-17T22:48:42+08:00 ] ERR: (ThinkException) 无法加载模块:Public
[ 2012-11-17T22:48:42+08:00 ] ERR: (ThinkException) 无法加载模块:scripts
[ 2012-11-17T22:50:11+08:00 ] ERR: (ThinkException) 无法加载模块:Public
[ 2012-11-17T22:50:11+08:00 ] ERR: (ThinkException) 无法加载模块:scripts
[ 2012-11-17T22:50:12+08:00 ] ERR: (ThinkException) 无法加载模块:content
[ 2012-11-17T22:50:22+08:00 ] ERR: (ThinkException) 无法加载模块:Public
[ 2012-11-17T22:50:22+08:00 ] ERR: (ThinkException) 无法加载模块:scripts
[ 2012-11-17T22:50:22+08:00 ] ERR: (ThinkException) 无法加载模块:content
[ 2012-11-17T22:50:32+08:00 ] ERR: (ThinkException) 无法加载模块:Public
[ 2012-11-17T22:50:32+08:00 ] ERR: (ThinkException) 无法加载模块:scripts
[ 2012-11-17T22:50:32+08:00 ] ERR: (ThinkException) 无法加载模块:content
[ 2012-11-17T22:51:42+08:00 ] ERR: (ThinkException) 无法加载模块:content
[ 2012-11-17T22:52:19+08:00 ] ERR: (ThinkException) 无法加载模块:scripts
[ 2012-11-17T22:52:20+08:00 ] ERR: (ThinkException) 无法加载模块:Public
[ 2012-11-17T22:52:20+08:00 ] ERR: (ThinkException) 无法加载模块:content
[ 2012-11-17T22:56:49+08:00 ] ERR: (ThinkException) 无法加载模块:Public
[ 2012-11-17T22:56:49+08:00 ] ERR: (ThinkException) 无法加载模块:scripts
[ 2012-11-17T22:56:49+08:00 ] ERR: (ThinkException) 无法加载模块:content
[ 2012-11-17T22:58:27+08:00 ] ERR: (ThinkException) 无法加载模块:bootstrap-components
[ 2012-11-17T22:58:43+08:00 ] ERR: (ThinkException) 无法加载模块:index
[ 2012-11-17T23:00:21+08:00 ] ERR: (ThinkException) 无法加载模块:table
[ 2012-11-17T23:01:10+08:00 ] ERR: (ThinkException) 无法加载模块:showgroup
[ 2012-11-17T23:01:19+08:00 ] ERR: (ThinkException) 无法加载模块:index
[ 2012-11-17T23:01:27+08:00 ] ERR: (ThinkException) 无法加载模块:index
[ 2012-11-17T23:01:38+08:00 ] ERR: (ThinkException) 无法加载模块:index
[ 2012-11-17T23:01:47+08:00 ] ERR: (ThinkException) 无法加载模块:index
[ 2012-11-17T23:01:58+08:00 ] ERR: (ThinkException) 无法加载模块:index
[ 2012-11-17T23:02:04+08:00 ] ERR: (ThinkException) 非法操作:Public
[ 2012-11-17T23:02:04+08:00 ] ERR: (ThinkException) 非法操作:scripts
[ 2012-11-17T23:02:05+08:00 ] ERR: (ThinkException) 非法操作:content
[ 2012-11-17T23:02:10+08:00 ] ERR: (ThinkException) 非法操作:showgroup
[ 2012-11-17T23:08:28+08:00 ] ERR: (ThinkException) 非法操作:Public
[ 2012-11-17T23:08:28+08:00 ] ERR: (ThinkException) 非法操作:scripts
[ 2012-11-17T23:08:29+08:00 ] ERR: (ThinkException) 非法操作:content
[ 2012-11-17T23:10:36+08:00 ] ERR: (ThinkException) 非法操作:Public
[ 2012-11-17T23:10:36+08:00 ] ERR: (ThinkException) 非法操作:scripts
[ 2012-11-17T23:10:37+08:00 ] ERR: (ThinkException) 非法操作:content
[ 2012-11-17T23:21:04+08:00 ] ERR: (ThinkException) 非法操作:content
[ 2012-11-17T23:21:06+08:00 ] ERR: (ThinkException) 非法操作:content
[ 2012-11-17T23:21:07+08:00 ] ERR: (ThinkException) 非法操作:content
[ 2012-11-17T23:21:09+08:00 ] ERR: (ThinkException) 非法操作:content
[ 2012-11-17T23:21:11+08:00 ] ERR: (ThinkException) 非法操作:content
[ 2012-11-17T23:21:13+08:00 ] ERR: (ThinkException) 非法操作:content
[ 2012-11-17T23:22:58+08:00 ] ERR: (ThinkException) 非法操作:hub
[ 2012-11-17T23:23:00+08:00 ] ERR: (ThinkException) 非法操作:content
[ 2012-11-17T23:25:06+08:00 ] ERR: (ThinkException) 非法操作:content
[ 2012-11-17T23:25:07+08:00 ] ERR: (ThinkException) 非法操作:content
[ 2012-11-17T23:26:16+08:00 ] ERR: (ThinkException) 非法操作:Public
[ 2012-11-17T23:26:17+08:00 ] ERR: (ThinkException) 非法操作:scripts
[ 2012-11-17T23:26:17+08:00 ] ERR: (ThinkException) 非法操作:content
[ 2012-11-17T23:28:36+08:00 ] ERR: (ThinkException) 非法操作:Public
[ 2012-11-17T23:28:36+08:00 ] ERR: (ThinkException) 非法操作:scripts
[ 2012-11-17T23:28:36+08:00 ] ERR: (ThinkException) 非法操作:content
[ 2012-11-17T23:28:56+08:00 ] ERR: (ThinkException) 非法操作:scripts
[ 2012-11-17T23:28:56+08:00 ] ERR: (ThinkException) 非法操作:Public
[ 2012-11-17T23:28:57+08:00 ] ERR: (ThinkException) 非法操作:content
[ 2012-11-17T23:29:19+08:00 ] ERR: (ThinkException) 非法操作:content
[ 2012-11-17T23:29:21+08:00 ] ERR: (ThinkException) 非法操作:content
[ 2012-11-17T23:29:22+08:00 ] ERR: (ThinkException) 非法操作:content
[ 2012-11-17T23:29:24+08:00 ] ERR: (ThinkException) 非法操作:content
[ 2012-11-17T23:29:25+08:00 ] ERR: (ThinkException) 非法操作:content
[ 2012-11-17T23:29:48+08:00 ] ERR: (ThinkException) 非法操作:scripts
[ 2012-11-17T23:29:48+08:00 ] ERR: (ThinkException) 非法操作:Public
[ 2012-11-17T23:29:49+08:00 ] ERR: (ThinkException) 非法操作:content
[ 2012-11-17T23:31:26+08:00 ] ERR: (ThinkException) 非法操作:scripts
[ 2012-11-17T23:31:26+08:00 ] ERR: (ThinkException) 非法操作:Public
[ 2012-11-17T23:31:26+08:00 ] ERR: (ThinkException) 非法操作:content
[ 2012-11-17T23:31:54+08:00 ] ERR: (ThinkException) 非法操作:Public
[ 2012-11-17T23:31:54+08:00 ] ERR: (ThinkException) 非法操作:scripts
[ 2012-11-17T23:31:54+08:00 ] ERR: (ThinkException) 非法操作:content
[ 2012-11-17T23:32:08+08:00 ] ERR: (ThinkException) 非法操作:Public
[ 2012-11-17T23:32:08+08:00 ] ERR: (ThinkException) 非法操作:scripts
[ 2012-11-17T23:32:08+08:00 ] ERR: (ThinkException) 非法操作:content
[ 2012-11-17T23:32:43+08:00 ] ERR: (ThinkException) 非法操作:Public
[ 2012-11-17T23:32:43+08:00 ] ERR: (ThinkException) 非法操作:scripts
[ 2012-11-17T23:32:44+08:00 ] ERR: (ThinkException) 非法操作:content
[ 2012-11-17T23:32:53+08:00 ] ERR: (ThinkException) 非法操作:content
[ 2012-11-17T23:32:53+08:00 ] ERR: (ThinkException) 非法操作:content
[ 2012-11-17T23:34:04+08:00 ] ERR: (ThinkException) 非法操作:Public
[ 2012-11-17T23:34:04+08:00 ] ERR: (ThinkException) 非法操作:scripts
[ 2012-11-17T23:34:04+08:00 ] ERR: (ThinkException) 非法操作:content
[ 2012-11-17T23:34:49+08:00 ] ERR: (ThinkException) 非法操作:scripts
[ 2012-11-17T23:34:49+08:00 ] ERR: (ThinkException) 非法操作:Public
[ 2012-11-17T23:34:49+08:00 ] ERR: (ThinkException) 非法操作:content
[ 2012-11-17T23:35:00+08:00 ] ERR: (ThinkException) 非法操作:Public
[ 2012-11-17T23:35:01+08:00 ] ERR: (ThinkException) 非法操作:scripts
[ 2012-11-17T23:35:01+08:00 ] ERR: (ThinkException) 非法操作:content
[ 2012-11-17T23:38:04+08:00 ] ERR: (ThinkException) 非法操作:scripts
[ 2012-11-17T23:38:04+08:00 ] ERR: (ThinkException) 非法操作:Public
[ 2012-11-17T23:38:05+08:00 ] ERR: (ThinkException) 非法操作:content
[ 2012-11-17T23:38:21+08:00 ] ERR: (ThinkException) 非法操作:Public
[ 2012-11-17T23:38:21+08:00 ] ERR: (ThinkException) 非法操作:scripts
[ 2012-11-17T23:38:21+08:00 ] ERR: (ThinkException) 非法操作:content
[ 2012-11-17T23:38:54+08:00 ] ERR: (ThinkException) 非法操作:scripts
[ 2012-11-17T23:38:55+08:00 ] ERR: (ThinkException) 非法操作:Public
[ 2012-11-17T23:38:55+08:00 ] ERR: (ThinkException) 非法操作:content
[ 2012-11-17T23:39:24+08:00 ] ERR: (ThinkException) 非法操作:Public
[ 2012-11-17T23:39:24+08:00 ] ERR: (ThinkException) 非法操作:scripts
[ 2012-11-17T23:39:25+08:00 ] ERR: (ThinkException) 非法操作:content
[ 2012-11-17T23:39:40+08:00 ] ERR: (ThinkException) 非法操作:Public
[ 2012-11-17T23:39:40+08:00 ] ERR: (ThinkException) 非法操作:scripts
[ 2012-11-17T23:39:40+08:00 ] ERR: (ThinkException) 非法操作:content
[ 2012-11-17T23:41:00+08:00 ] ERR: (ThinkException) 非法操作:Public
[ 2012-11-17T23:41:00+08:00 ] ERR: (ThinkException) 非法操作:scripts
[ 2012-11-17T23:41:01+08:00 ] ERR: (ThinkException) 非法操作:content
[ 2012-11-17T23:41:19+08:00 ] ERR: (ThinkException) 非法操作:scripts
[ 2012-11-17T23:41:19+08:00 ] ERR: (ThinkException) 非法操作:Public
[ 2012-11-17T23:41:19+08:00 ] ERR: (ThinkException) 非法操作:content
[ 2012-11-17T23:41:36+08:00 ] ERR: (ThinkException) 非法操作:scripts
[ 2012-11-17T23:41:36+08:00 ] ERR: (ThinkException) 非法操作:Public
[ 2012-11-17T23:41:37+08:00 ] ERR: (ThinkException) 非法操作:content
[ 2012-11-17T23:41:46+08:00 ] ERR: (ThinkException) 非法操作:scripts
[ 2012-11-17T23:41:46+08:00 ] ERR: (ThinkException) 非法操作:Public
[ 2012-11-17T23:41:47+08:00 ] ERR: (ThinkException) 非法操作:content
[ 2012-11-17T23:41:56+08:00 ] ERR: (ThinkException) 非法操作:Public
[ 2012-11-17T23:41:56+08:00 ] ERR: (ThinkException) 非法操作:scripts
[ 2012-11-17T23:41:57+08:00 ] ERR: (ThinkException) 非法操作:content
[ 2012-11-17T23:42:04+08:00 ] ERR: (ThinkException) 非法操作:Public
[ 2012-11-17T23:42:04+08:00 ] ERR: (ThinkException) 非法操作:scripts
[ 2012-11-17T23:42:05+08:00 ] ERR: (ThinkException) 非法操作:content
[ 2012-11-17T23:42:55+08:00 ] ERR: (ThinkException) 非法操作:Public
[ 2012-11-17T23:42:55+08:00 ] ERR: (ThinkException) 非法操作:scripts
[ 2012-11-17T23:42:56+08:00 ] ERR: (ThinkException) 非法操作:content
[ 2012-11-17T23:43:12+08:00 ] ERR: (ThinkException) 非法操作:scripts
[ 2012-11-17T23:43:12+08:00 ] ERR: (ThinkException) 非法操作:Public
[ 2012-11-17T23:43:13+08:00 ] ERR: (ThinkException) 非法操作:content
[ 2012-11-17T23:45:05+08:00 ] ERR: (ThinkException) 非法操作:Public
[ 2012-11-17T23:45:06+08:00 ] ERR: (ThinkException) 非法操作:scripts
[ 2012-11-17T23:45:07+08:00 ] ERR: (ThinkException) 非法操作:content
[ 2012-11-17T23:45:24+08:00 ] ERR: (ThinkException) 非法操作:Public
[ 2012-11-17T23:45:24+08:00 ] ERR: (ThinkException) 非法操作:scripts
[ 2012-11-17T23:45:25+08:00 ] ERR: (ThinkException) 非法操作:content
[ 2012-11-17T23:45:33+08:00 ] ERR: (ThinkException) 非法操作:Public
[ 2012-11-17T23:45:33+08:00 ] ERR: (ThinkException) 非法操作:scripts
[ 2012-11-17T23:45:35+08:00 ] ERR: (ThinkException) 非法操作:content
[ 2012-11-17T23:45:39+08:00 ] ERR: (ThinkException) 非法操作:Public
[ 2012-11-17T23:45:39+08:00 ] ERR: (ThinkException) 非法操作:scripts
[ 2012-11-17T23:45:39+08:00 ] ERR: (ThinkException) 非法操作:content
[ 2012-11-17T23:46:10+08:00 ] ERR: (ThinkException) 非法操作:Public
[ 2012-11-17T23:46:10+08:00 ] ERR: (ThinkException) 非法操作:scripts
[ 2012-11-17T23:46:11+08:00 ] ERR: (ThinkException) 非法操作:content
[ 2012-11-17T23:47:29+08:00 ] ERR: (ThinkException) 非法操作:Public
[ 2012-11-17T23:47:29+08:00 ] ERR: (ThinkException) 非法操作:scripts
[ 2012-11-17T23:47:29+08:00 ] ERR: (ThinkException) 非法操作:content
[ 2012-11-17T23:52:04+08:00 ] ERR: (ThinkException) 非法操作:scripts
[ 2012-11-17T23:52:04+08:00 ] ERR: (ThinkException) 非法操作:Public
[ 2012-11-17T23:52:04+08:00 ] ERR: (ThinkException) 非法操作:content
[ 2012-11-17T23:52:35+08:00 ] ERR: (ThinkException) 非法操作:Public
[ 2012-11-17T23:52:35+08:00 ] ERR: (ThinkException) 非法操作:scripts
[ 2012-11-17T23:52:36+08:00 ] ERR: (ThinkException) 非法操作:content
[ 2012-11-17T23:53:41+08:00 ] ERR: (ThinkException) 非法操作:Public
[ 2012-11-17T23:53:41+08:00 ] ERR: (ThinkException) 非法操作:scripts
[ 2012-11-17T23:53:41+08:00 ] ERR: (ThinkException) 非法操作:content
[ 2012-11-17T23:55:57+08:00 ] ERR: (ThinkException) 非法操作:scripts
[ 2012-11-17T23:55:57+08:00 ] ERR: (ThinkException) 非法操作:Public
[ 2012-11-17T23:55:58+08:00 ] ERR: (ThinkException) 非法操作:content
[ 2012-11-17T23:56:15+08:00 ] ERR: (ThinkException) 非法操作:Public
[ 2012-11-17T23:56:15+08:00 ] ERR: (ThinkException) 非法操作:scripts
[ 2012-11-17T23:56:16+08:00 ] ERR: (ThinkException) 非法操作:content
[ 2012-11-17T23:57:40+08:00 ] ERR: (ThinkException) 非法操作:Public
[ 2012-11-17T23:57:40+08:00 ] ERR: (ThinkException) 非法操作:scripts
[ 2012-11-17T23:57:41+08:00 ] ERR: (ThinkException) 非法操作:content
[ 2012-11-17T23:57:51+08:00 ] ERR: (ThinkException) 非法操作:Public
[ 2012-11-17T23:57:51+08:00 ] ERR: (ThinkException) 非法操作:scripts
[ 2012-11-17T23:57:51+08:00 ] ERR: (ThinkException) 非法操作:content
[ 2012-11-17T23:58:02+08:00 ] ERR: (ThinkException) 非法操作:Public
[ 2012-11-17T23:58:02+08:00 ] ERR: (ThinkException) 非法操作:scripts
[ 2012-11-17T23:58:02+08:00 ] ERR: (ThinkException) 非法操作:content
[ 2012-11-17T23:58:08+08:00 ] ERR: (ThinkException) 非法操作:Public
[ 2012-11-17T23:58:08+08:00 ] ERR: (ThinkException) 非法操作:scripts
[ 2012-11-17T23:58:09+08:00 ] ERR: (ThinkException) 非法操作:content
[ 2012-11-17T23:58:15+08:00 ] ERR: (ThinkException) 非法操作:Public
[ 2012-11-17T23:58:15+08:00 ] ERR: (ThinkException) 非法操作:scripts
[ 2012-11-17T23:58:15+08:00 ] ERR: (ThinkException) 非法操作:content
[ 2012-11-17T23:58:16+08:00 ] ERR: (ThinkException) 非法操作:content
[ 2012-11-17T23:58:17+08:00 ] ERR: (ThinkException) 非法操作:content
[ 2012-11-17T23:58:17+08:00 ] ERR: (ThinkException) 非法操作:content
[ 2012-11-17T23:58:53+08:00 ] ERR: (ThinkException) 非法操作:Public
[ 2012-11-17T23:58:53+08:00 ] ERR: (ThinkException) 非法操作:scripts
[ 2012-11-17T23:58:53+08:00 ] ERR: (ThinkException) 非法操作:content
[ 2012-11-17T23:58:58+08:00 ] ERR: (ThinkException) 非法操作:Public
[ 2012-11-17T23:58:58+08:00 ] ERR: (ThinkException) 非法操作:scripts
[ 2012-11-17T23:58:58+08:00 ] ERR: (ThinkException) 非法操作:content
[ 2012-11-17T23:59:12+08:00 ] ERR: (ThinkException) 非法操作:Public
[ 2012-11-17T23:59:12+08:00 ] ERR: (ThinkException) 非法操作:scripts
[ 2012-11-17T23:59:12+08:00 ] ERR: (ThinkException) 非法操作:content
[ 2012-11-17T23:59:20+08:00 ] ERR: (ThinkException) 非法操作:Public
[ 2012-11-17T23:59:20+08:00 ] ERR: (ThinkException) 非法操作:scripts
[ 2012-11-17T23:59:20+08:00 ] ERR: (ThinkException) 非法操作:content
[ 2012-11-17T23:59:21+08:00 ] ERR: (ThinkException) 非法操作:content
[ 2012-11-17T23:59:40+08:00 ] ERR: (ThinkException) 非法操作:scripts
[ 2012-11-17T23:59:40+08:00 ] ERR: (ThinkException) 非法操作:Public
[ 2012-11-17T23:59:40+08:00 ] ERR: (ThinkException) 非法操作:content
[ 2012-11-17T23:59:55+08:00 ] ERR: (ThinkException) 非法操作:Public
[ 2012-11-17T23:59:55+08:00 ] ERR: (ThinkException) 非法操作:scripts
[ 2012-11-17T23:59:55+08:00 ] ERR: (ThinkException) 非法操作:content
